{"/home/david/Escritorio/unq 2019 S2/GIT COSAS/UNQfy/src/entities/Track.js":{"path":"/home/david/Escritorio/unq 2019 S2/GIT COSAS/UNQfy/src/entities/Track.js","statementMap":{"0":{"start":{"line":4,"column":4},"end":{"line":4,"column":27}},"1":{"start":{"line":4,"column":21},"end":{"line":4,"column":27}},"2":{"start":{"line":5,"column":43},"end":{"line":5,"column":53}},"3":{"start":{"line":6,"column":4},"end":{"line":6,"column":23}},"4":{"start":{"line":7,"column":4},"end":{"line":7,"column":25}},"5":{"start":{"line":8,"column":4},"end":{"line":8,"column":29}},"6":{"start":{"line":9,"column":4},"end":{"line":9,"column":27}},"7":{"start":{"line":13,"column":19},"end":{"line":13,"column":34}},"8":{"start":{"line":14,"column":19},"end":{"line":14,"column":36}},"9":{"start":{"line":15,"column":19},"end":{"line":15,"column":40}},"10":{"start":{"line":16,"column":19},"end":{"line":16,"column":38}},"11":{"start":{"line":18,"column":22},"end":{"line":18,"column":42}},"12":{"start":{"line":22,"column":4},"end":{"line":22,"column":39}},"13":{"start":{"line":26,"column":4},"end":{"line":26,"column":57}},"14":{"start":{"line":26,"column":33},"end":{"line":26,"column":56}},"15":{"start":{"line":31,"column":0},"end":{"line":31,"column":22}}},"fnMap":{"0":{"name":"(anonymous_0)","decl":{"start":{"line":3,"column":2},"end":{"line":3,"column":3}},"loc":{"start":{"line":3,"column":26},"end":{"line":10,"column":3}},"line":3},"1":{"name":"(anonymous_1)","decl":{"start":{"line":13,"column":2},"end":{"line":13,"column":3}},"loc":{"start":{"line":13,"column":17},"end":{"line":13,"column":36}},"line":13},"2":{"name":"(anonymous_2)","decl":{"start":{"line":14,"column":2},"end":{"line":14,"column":3}},"loc":{"start":{"line":14,"column":17},"end":{"line":14,"column":38}},"line":14},"3":{"name":"(anonymous_3)","decl":{"start":{"line":15,"column":2},"end":{"line":15,"column":3}},"loc":{"start":{"line":15,"column":17},"end":{"line":15,"column":42}},"line":15},"4":{"name":"(anonymous_4)","decl":{"start":{"line":16,"column":2},"end":{"line":16,"column":3}},"loc":{"start":{"line":16,"column":17},"end":{"line":16,"column":40}},"line":16},"5":{"name":"(anonymous_5)","decl":{"start":{"line":18,"column":2},"end":{"line":18,"column":3}},"loc":{"start":{"line":18,"column":20},"end":{"line":18,"column":44}},"line":18},"6":{"name":"(anonymous_6)","decl":{"start":{"line":21,"column":2},"end":{"line":21,"column":3}},"loc":{"start":{"line":21,"column":21},"end":{"line":23,"column":3}},"line":21},"7":{"name":"(anonymous_7)","decl":{"start":{"line":25,"column":2},"end":{"line":25,"column":3}},"loc":{"start":{"line":25,"column":29},"end":{"line":27,"column":3}},"line":25},"8":{"name":"(anonymous_8)","decl":{"start":{"line":26,"column":23},"end":{"line":26,"column":24}},"loc":{"start":{"line":26,"column":33},"end":{"line":26,"column":56}},"line":26}},"branchMap":{"0":{"loc":{"start":{"line":4,"column":4},"end":{"line":4,"column":27}},"type":"if","locations":[{"start":{"line":4,"column":4},"end":{"line":4,"column":27}},{"start":{"line":4,"column":4},"end":{"line":4,"column":27}}],"line":4}},"s":{"0":122,"1":0,"2":122,"3":122,"4":122,"5":122,"6":122,"7":16,"8":118,"9":108,"10":93,"11":0,"12":85,"13":73,"14":83,"15":1},"f":{"0":122,"1":16,"2":118,"3":108,"4":93,"5":0,"6":85,"7":73,"8":83},"b":{"0":[0,122]},"_coverageSchema":"43e27e138ebf9cfc5966b082cf9a028302ed4184","hash":"ca7ad754d3efe5fbf719526546afaa8b2d0d92b7","contentHash":"2e6a6654b8bdffd81aa729eb544b9d6a4fe2797ea79dfecd5c408bf218fd7060"},"/home/david/Escritorio/unq 2019 S2/GIT COSAS/UNQfy/src/entities/Album.js":{"path":"/home/david/Escritorio/unq 2019 S2/GIT COSAS/UNQfy/src/entities/Album.js","statementMap":{"0":{"start":{"line":1,"column":0},"end":{"line":1,"column":44}},"1":{"start":{"line":2,"column":59},"end":{"line":2,"column":87}},"2":{"start":{"line":7,"column":4},"end":{"line":7,"column":27}},"3":{"start":{"line":7,"column":21},"end":{"line":7,"column":27}},"4":{"start":{"line":8,"column":40},"end":{"line":8,"column":50}},"5":{"start":{"line":9,"column":4},"end":{"line":9,"column":21}},"6":{"start":{"line":10,"column":4},"end":{"line":10,"column":23}},"7":{"start":{"line":11,"column":4},"end":{"line":11,"column":23}},"8":{"start":{"line":12,"column":4},"end":{"line":12,"column":25}},"9":{"start":{"line":15,"column":17},"end":{"line":15,"column":32}},"10":{"start":{"line":16,"column":17},"end":{"line":16,"column":34}},"11":{"start":{"line":17,"column":17},"end":{"line":17,"column":34}},"12":{"start":{"line":18,"column":17},"end":{"line":18,"column":36}},"13":{"start":{"line":20,"column":22},"end":{"line":20,"column":42}},"14":{"start":{"line":23,"column":4},"end":{"line":23,"column":39}},"15":{"start":{"line":27,"column":4},"end":{"line":27,"column":36}},"16":{"start":{"line":28,"column":4},"end":{"line":28,"column":28}},"17":{"start":{"line":32,"column":4},"end":{"line":32,"column":30}},"18":{"start":{"line":37,"column":4},"end":{"line":38,"column":50}},"19":{"start":{"line":38,"column":6},"end":{"line":38,"column":50}},"20":{"start":{"line":39,"column":4},"end":{"line":40,"column":54}},"21":{"start":{"line":40,"column":6},"end":{"line":40,"column":54}},"22":{"start":{"line":44,"column":4},"end":{"line":44,"column":39}},"23":{"start":{"line":48,"column":4},"end":{"line":48,"column":58}},"24":{"start":{"line":48,"column":37},"end":{"line":48,"column":57}},"25":{"start":{"line":52,"column":0},"end":{"line":52,"column":22}}},"fnMap":{"0":{"name":"(anonymous_0)","decl":{"start":{"line":6,"column":2},"end":{"line":6,"column":3}},"loc":{"start":{"line":6,"column":26},"end":{"line":13,"column":3}},"line":6},"1":{"name":"(anonymous_1)","decl":{"start":{"line":15,"column":2},"end":{"line":15,"column":3}},"loc":{"start":{"line":15,"column":15},"end":{"line":15,"column":34}},"line":15},"2":{"name":"(anonymous_2)","decl":{"start":{"line":16,"column":2},"end":{"line":16,"column":3}},"loc":{"start":{"line":16,"column":15},"end":{"line":16,"column":36}},"line":16},"3":{"name":"(anonymous_3)","decl":{"start":{"line":17,"column":2},"end":{"line":17,"column":3}},"loc":{"start":{"line":17,"column":15},"end":{"line":17,"column":36}},"line":17},"4":{"name":"(anonymous_4)","decl":{"start":{"line":18,"column":2},"end":{"line":18,"column":3}},"loc":{"start":{"line":18,"column":15},"end":{"line":18,"column":38}},"line":18},"5":{"name":"(anonymous_5)","decl":{"start":{"line":20,"column":2},"end":{"line":20,"column":3}},"loc":{"start":{"line":20,"column":20},"end":{"line":20,"column":44}},"line":20},"6":{"name":"(anonymous_6)","decl":{"start":{"line":22,"column":2},"end":{"line":22,"column":3}},"loc":{"start":{"line":22,"column":19},"end":{"line":24,"column":3}},"line":22},"7":{"name":"(anonymous_7)","decl":{"start":{"line":26,"column":2},"end":{"line":26,"column":3}},"loc":{"start":{"line":26,"column":19},"end":{"line":29,"column":3}},"line":26},"8":{"name":"(anonymous_8)","decl":{"start":{"line":31,"column":2},"end":{"line":31,"column":3}},"loc":{"start":{"line":31,"column":22},"end":{"line":33,"column":3}},"line":31},"9":{"name":"(anonymous_9)","decl":{"start":{"line":36,"column":2},"end":{"line":36,"column":3}},"loc":{"start":{"line":36,"column":30},"end":{"line":41,"column":3}},"line":36},"10":{"name":"(anonymous_10)","decl":{"start":{"line":43,"column":2},"end":{"line":43,"column":3}},"loc":{"start":{"line":43,"column":20},"end":{"line":45,"column":3}},"line":43},"11":{"name":"(anonymous_11)","decl":{"start":{"line":47,"column":2},"end":{"line":47,"column":3}},"loc":{"start":{"line":47,"column":24},"end":{"line":49,"column":3}},"line":47},"12":{"name":"(anonymous_12)","decl":{"start":{"line":48,"column":28},"end":{"line":48,"column":29}},"loc":{"start":{"line":48,"column":37},"end":{"line":48,"column":57}},"line":48}},"branchMap":{"0":{"loc":{"start":{"line":7,"column":4},"end":{"line":7,"column":27}},"type":"if","locations":[{"start":{"line":7,"column":4},"end":{"line":7,"column":27}},{"start":{"line":7,"column":4},"end":{"line":7,"column":27}}],"line":7},"1":{"loc":{"start":{"line":8,"column":27},"end":{"line":8,"column":36}},"type":"default-arg","locations":[{"start":{"line":8,"column":34},"end":{"line":8,"column":36}}],"line":8},"2":{"loc":{"start":{"line":37,"column":4},"end":{"line":38,"column":50}},"type":"if","locations":[{"start":{"line":37,"column":4},"end":{"line":38,"column":50}},{"start":{"line":37,"column":4},"end":{"line":38,"column":50}}],"line":37},"3":{"loc":{"start":{"line":39,"column":4},"end":{"line":40,"column":54}},"type":"if","locations":[{"start":{"line":39,"column":4},"end":{"line":40,"column":54}},{"start":{"line":39,"column":4},"end":{"line":40,"column":54}}],"line":39}},"s":{"0":1,"1":1,"2":103,"3":0,"4":103,"5":103,"6":103,"7":103,"8":103,"9":235,"10":142,"11":3,"12":396,"13":0,"14":12,"15":89,"16":87,"17":4,"18":89,"19":1,"20":88,"21":1,"22":89,"23":88,"24":15,"25":1},"f":{"0":103,"1":235,"2":142,"3":3,"4":396,"5":0,"6":12,"7":89,"8":4,"9":89,"10":89,"11":88,"12":15},"b":{"0":[0,103],"1":[89],"2":[1,88],"3":[1,87]},"_coverageSchema":"43e27e138ebf9cfc5966b082cf9a028302ed4184","hash":"47082caa628dd851fadffb27504318400015e5ef","contentHash":"5121f57a39a2ac82233e93c13b62c7d07bbc486e85ffde7448b7c49b5690207d"},"/home/david/Escritorio/unq 2019 S2/GIT COSAS/UNQfy/src/auxi/extenciones.js":{"path":"/home/david/Escritorio/unq 2019 S2/GIT COSAS/UNQfy/src/auxi/extenciones.js","statementMap":{"0":{"start":{"line":1,"column":0},"end":{"line":11,"column":1}},"1":{"start":{"line":3,"column":4},"end":{"line":5,"column":5}},"2":{"start":{"line":4,"column":6},"end":{"line":4,"column":60}},"3":{"start":{"line":4,"column":43},"end":{"line":4,"column":55}},"4":{"start":{"line":7,"column":4},"end":{"line":9,"column":5}},"5":{"start":{"line":8,"column":6},"end":{"line":8,"column":44}}},"fnMap":{"0":{"name":"(anonymous_0)","decl":{"start":{"line":2,"column":2},"end":{"line":2,"column":3}},"loc":{"start":{"line":2,"column":16},"end":{"line":10,"column":3}},"line":2},"1":{"name":"(anonymous_1)","decl":{"start":{"line":3,"column":30},"end":{"line":3,"column":31}},"loc":{"start":{"line":3,"column":42},"end":{"line":5,"column":5}},"line":3},"2":{"name":"(anonymous_2)","decl":{"start":{"line":4,"column":32},"end":{"line":4,"column":33}},"loc":{"start":{"line":4,"column":43},"end":{"line":4,"column":55}},"line":4},"3":{"name":"(anonymous_3)","decl":{"start":{"line":7,"column":29},"end":{"line":7,"column":30}},"loc":{"start":{"line":7,"column":41},"end":{"line":9,"column":5}},"line":7}},"branchMap":{},"s":{"0":1,"1":4,"2":191,"3":272,"4":4,"5":13},"f":{"0":4,"1":191,"2":272,"3":13},"b":{},"_coverageSchema":"43e27e138ebf9cfc5966b082cf9a028302ed4184","hash":"f31b8335748bff405473d5dd50bd081ee51aaead","contentHash":"94ddd64e6f1b2bd35f04f96fb4489bd1fde2423c27d10e1507cfc58ce671d77e"},"/home/david/Escritorio/unq 2019 S2/GIT COSAS/UNQfy/src/exceptions/all.js":{"path":"/home/david/Escritorio/unq 2019 S2/GIT COSAS/UNQfy/src/exceptions/all.js","statementMap":{"0":{"start":{"line":1,"column":0},"end":{"line":10,"column":1}}},"fnMap":{},"branchMap":{},"s":{"0":1},"f":{},"b":{},"_coverageSchema":"43e27e138ebf9cfc5966b082cf9a028302ed4184","hash":"4e888e58c922492d25ffcd5448e72dfa2c21e22c","contentHash":"1150b544e127f78f18b744aa8dfb473a707e3e8c3437c496f7be0401ca1fa98b"},"/home/david/Escritorio/unq 2019 S2/GIT COSAS/UNQfy/src/exceptions/RepeatedTrackInAlbum.js":{"path":"/home/david/Escritorio/unq 2019 S2/GIT COSAS/UNQfy/src/exceptions/RepeatedTrackInAlbum.js","statementMap":{"0":{"start":{"line":1,"column":0},"end":{"line":8,"column":1}},"1":{"start":{"line":5,"column":8},"end":{"line":5,"column":81}}},"fnMap":{"0":{"name":"(anonymous_0)","decl":{"start":{"line":4,"column":4},"end":{"line":4,"column":5}},"loc":{"start":{"line":4,"column":33},"end":{"line":6,"column":5}},"line":4}},"branchMap":{},"s":{"0":1,"1":1},"f":{"0":1},"b":{},"_coverageSchema":"43e27e138ebf9cfc5966b082cf9a028302ed4184","hash":"3a9bb375c0e0894a9ef1d14e521b8ec6ae813be9","contentHash":"98950607ec5bdff9af126192ee289ec7e7f62ac1131786562f3e73754ec19f0c"},"/home/david/Escritorio/unq 2019 S2/GIT COSAS/UNQfy/src/exceptions/RepeatedAlbumInArtist.js":{"path":"/home/david/Escritorio/unq 2019 S2/GIT COSAS/UNQfy/src/exceptions/RepeatedAlbumInArtist.js","statementMap":{"0":{"start":{"line":1,"column":0},"end":{"line":8,"column":1}},"1":{"start":{"line":5,"column":8},"end":{"line":5,"column":78}}},"fnMap":{"0":{"name":"(anonymous_0)","decl":{"start":{"line":4,"column":4},"end":{"line":4,"column":5}},"loc":{"start":{"line":4,"column":35},"end":{"line":6,"column":5}},"line":4}},"branchMap":{},"s":{"0":1,"1":1},"f":{"0":1},"b":{},"_coverageSchema":"43e27e138ebf9cfc5966b082cf9a028302ed4184","hash":"e3e408aa6fd90ff31dd783947b5755a68cd8ce87","contentHash":"d7e5237d5bebac3fa0cd0191efe22af4e48ff36bde21de605ee37b343be1409a"},"/home/david/Escritorio/unq 2019 S2/GIT COSAS/UNQfy/src/exceptions/ArtistaNoTieneRegistradoUnAlbum.js":{"path":"/home/david/Escritorio/unq 2019 S2/GIT COSAS/UNQfy/src/exceptions/ArtistaNoTieneRegistradoUnAlbum.js","statementMap":{"0":{"start":{"line":1,"column":0},"end":{"line":8,"column":1}},"1":{"start":{"line":5,"column":8},"end":{"line":5,"column":78}}},"fnMap":{"0":{"name":"(anonymous_0)","decl":{"start":{"line":4,"column":4},"end":{"line":4,"column":5}},"loc":{"start":{"line":4,"column":35},"end":{"line":6,"column":5}},"line":4}},"branchMap":{},"s":{"0":1,"1":2},"f":{"0":2},"b":{},"_coverageSchema":"43e27e138ebf9cfc5966b082cf9a028302ed4184","hash":"6a35aba65411461e2041a29b1c75d5b9cac53de2","contentHash":"a97ed52ce4440d5042f05aa48f7444db86bb712529b93bb08248664866423dd2"},"/home/david/Escritorio/unq 2019 S2/GIT COSAS/UNQfy/src/exceptions/IncorrectNumbersOfArgsForCommand.js":{"path":"/home/david/Escritorio/unq 2019 S2/GIT COSAS/UNQfy/src/exceptions/IncorrectNumbersOfArgsForCommand.js","statementMap":{"0":{"start":{"line":1,"column":0},"end":{"line":8,"column":1}},"1":{"start":{"line":5,"column":8},"end":{"line":5,"column":110}}},"fnMap":{"0":{"name":"(anonymous_0)","decl":{"start":{"line":4,"column":4},"end":{"line":4,"column":5}},"loc":{"start":{"line":4,"column":26},"end":{"line":6,"column":5}},"line":4}},"branchMap":{},"s":{"0":1,"1":10},"f":{"0":10},"b":{},"_coverageSchema":"43e27e138ebf9cfc5966b082cf9a028302ed4184","hash":"a2bdafb5383bd7e81804a7e11bdbb3ccb8988caa","contentHash":"ff747e95e20d53e43742bc07b5913f067a6442c4f44b325f996a4389a9447094"},"/home/david/Escritorio/unq 2019 S2/GIT COSAS/UNQfy/src/exceptions/SomeoneAlreadyRegisterUnderName.js":{"path":"/home/david/Escritorio/unq 2019 S2/GIT COSAS/UNQfy/src/exceptions/SomeoneAlreadyRegisterUnderName.js","statementMap":{"0":{"start":{"line":1,"column":0},"end":{"line":8,"column":1}},"1":{"start":{"line":5,"column":8},"end":{"line":5,"column":71}}},"fnMap":{"0":{"name":"(anonymous_0)","decl":{"start":{"line":4,"column":4},"end":{"line":4,"column":5}},"loc":{"start":{"line":4,"column":28},"end":{"line":6,"column":5}},"line":4}},"branchMap":{},"s":{"0":1,"1":2},"f":{"0":2},"b":{},"_coverageSchema":"43e27e138ebf9cfc5966b082cf9a028302ed4184","hash":"d487cbf838950ef1ab08e795fb7899c18a51a308","contentHash":"53a9faf24b0dad7cf9048feb5360fa0e6d656959a54889a826356fdc81a4d1e3"},"/home/david/Escritorio/unq 2019 S2/GIT COSAS/UNQfy/src/exceptions/RepeatedTrackNameInAlbum.js":{"path":"/home/david/Escritorio/unq 2019 S2/GIT COSAS/UNQfy/src/exceptions/RepeatedTrackNameInAlbum.js","statementMap":{"0":{"start":{"line":1,"column":0},"end":{"line":8,"column":1}},"1":{"start":{"line":5,"column":4},"end":{"line":5,"column":86}}},"fnMap":{"0":{"name":"(anonymous_0)","decl":{"start":{"line":4,"column":2},"end":{"line":4,"column":3}},"loc":{"start":{"line":4,"column":31},"end":{"line":6,"column":3}},"line":4}},"branchMap":{},"s":{"0":1,"1":1},"f":{"0":1},"b":{},"_coverageSchema":"43e27e138ebf9cfc5966b082cf9a028302ed4184","hash":"e5d96909c667028508ffd01bbfbc02a988025697","contentHash":"eeaaac2d7c9af57b59deb660ed0b50fbefbc014c97bf102e40bdb404051377f9"},"/home/david/Escritorio/unq 2019 S2/GIT COSAS/UNQfy/src/exceptions/RepeatedAlbumNameInArtist.js":{"path":"/home/david/Escritorio/unq 2019 S2/GIT COSAS/UNQfy/src/exceptions/RepeatedAlbumNameInArtist.js","statementMap":{"0":{"start":{"line":1,"column":0},"end":{"line":8,"column":1}},"1":{"start":{"line":5,"column":4},"end":{"line":5,"column":96}}},"fnMap":{"0":{"name":"(anonymous_0)","decl":{"start":{"line":4,"column":2},"end":{"line":4,"column":3}},"loc":{"start":{"line":4,"column":33},"end":{"line":6,"column":3}},"line":4}},"branchMap":{},"s":{"0":1,"1":0},"f":{"0":0},"b":{},"_coverageSchema":"43e27e138ebf9cfc5966b082cf9a028302ed4184","hash":"47b56c59fc6b336f2cb0806f4c7d119b78ecf082","contentHash":"4f1cdbe906aaef32bb083f949ad3d07539f5184a3b45d7b30730ea9f807eab79"},"/home/david/Escritorio/unq 2019 S2/GIT COSAS/UNQfy/src/entities/all.js":{"path":"/home/david/Escritorio/unq 2019 S2/GIT COSAS/UNQfy/src/entities/all.js","statementMap":{"0":{"start":{"line":1,"column":0},"end":{"line":8,"column":1}}},"fnMap":{},"branchMap":{},"s":{"0":1},"f":{},"b":{},"_coverageSchema":"43e27e138ebf9cfc5966b082cf9a028302ed4184","hash":"c2e0f6f10af189f393469d7c2ad25a1efa662999","contentHash":"8f554458ab4c53929f582d63e4207758e0ce8a3740d24e533b9b93d79de7f7d2"},"/home/david/Escritorio/unq 2019 S2/GIT COSAS/UNQfy/src/entities/Artist.js":{"path":"/home/david/Escritorio/unq 2019 S2/GIT COSAS/UNQfy/src/entities/Artist.js","statementMap":{"0":{"start":{"line":1,"column":0},"end":{"line":1,"column":44}},"1":{"start":{"line":2,"column":94},"end":{"line":2,"column":122}},"2":{"start":{"line":3,"column":33},"end":{"line":3,"column":82}},"3":{"start":{"line":8,"column":4},"end":{"line":8,"column":27}},"4":{"start":{"line":8,"column":21},"end":{"line":8,"column":27}},"5":{"start":{"line":9,"column":32},"end":{"line":9,"column":42}},"6":{"start":{"line":10,"column":4},"end":{"line":10,"column":24}},"7":{"start":{"line":11,"column":4},"end":{"line":11,"column":26}},"8":{"start":{"line":12,"column":4},"end":{"line":12,"column":29}},"9":{"start":{"line":13,"column":4},"end":{"line":13,"column":24}},"10":{"start":{"line":14,"column":4},"end":{"line":14,"column":24}},"11":{"start":{"line":15,"column":4},"end":{"line":15,"column":39}},"12":{"start":{"line":19,"column":4},"end":{"line":19,"column":40}},"13":{"start":{"line":23,"column":4},"end":{"line":23,"column":42}},"14":{"start":{"line":27,"column":4},"end":{"line":27,"column":41}},"15":{"start":{"line":31,"column":20},"end":{"line":31,"column":35}},"16":{"start":{"line":32,"column":20},"end":{"line":32,"column":37}},"17":{"start":{"line":33,"column":20},"end":{"line":33,"column":40}},"18":{"start":{"line":34,"column":20},"end":{"line":34,"column":39}},"19":{"start":{"line":35,"column":20},"end":{"line":35,"column":42}},"20":{"start":{"line":36,"column":20},"end":{"line":36,"column":69}},"21":{"start":{"line":36,"column":56},"end":{"line":36,"column":68}},"22":{"start":{"line":37,"column":35},"end":{"line":37,"column":72}},"23":{"start":{"line":39,"column":26},"end":{"line":39,"column":48}},"24":{"start":{"line":40,"column":26},"end":{"line":40,"column":50}},"25":{"start":{"line":44,"column":4},"end":{"line":44,"column":35}},"26":{"start":{"line":45,"column":4},"end":{"line":45,"column":29}},"27":{"start":{"line":46,"column":4},"end":{"line":46,"column":51}},"28":{"start":{"line":50,"column":4},"end":{"line":50,"column":45}},"29":{"start":{"line":51,"column":4},"end":{"line":51,"column":32}},"30":{"start":{"line":55,"column":18},"end":{"line":55,"column":46}},"31":{"start":{"line":56,"column":4},"end":{"line":56,"column":51}},"32":{"start":{"line":56,"column":28},"end":{"line":56,"column":51}},"33":{"start":{"line":57,"column":4},"end":{"line":57,"column":16}},"34":{"start":{"line":61,"column":4},"end":{"line":61,"column":56}},"35":{"start":{"line":61,"column":35},"end":{"line":61,"column":55}},"36":{"start":{"line":65,"column":4},"end":{"line":65,"column":60}},"37":{"start":{"line":65,"column":35},"end":{"line":65,"column":59}},"38":{"start":{"line":70,"column":4},"end":{"line":70,"column":45}},"39":{"start":{"line":71,"column":4},"end":{"line":71,"column":28}},"40":{"start":{"line":72,"column":4},"end":{"line":72,"column":66}},"41":{"start":{"line":76,"column":4},"end":{"line":76,"column":73}},"42":{"start":{"line":76,"column":30},"end":{"line":76,"column":52}},"43":{"start":{"line":81,"column":4},"end":{"line":81,"column":36}},"44":{"start":{"line":82,"column":4},"end":{"line":82,"column":30}},"45":{"start":{"line":86,"column":4},"end":{"line":86,"column":51}},"46":{"start":{"line":92,"column":4},"end":{"line":93,"column":62}},"47":{"start":{"line":93,"column":6},"end":{"line":93,"column":62}},"48":{"start":{"line":97,"column":4},"end":{"line":98,"column":52}},"49":{"start":{"line":98,"column":6},"end":{"line":98,"column":52}},"50":{"start":{"line":99,"column":4},"end":{"line":100,"column":56}},"51":{"start":{"line":100,"column":6},"end":{"line":100,"column":56}},"52":{"start":{"line":104,"column":4},"end":{"line":104,"column":58}},"53":{"start":{"line":104,"column":37},"end":{"line":104,"column":57}},"54":{"start":{"line":109,"column":4},"end":{"line":109,"column":79}},"55":{"start":{"line":109,"column":39},"end":{"line":109,"column":78}},"56":{"start":{"line":113,"column":4},"end":{"line":114,"column":53}},"57":{"start":{"line":114,"column":6},"end":{"line":114,"column":53}},"58":{"start":{"line":119,"column":0},"end":{"line":119,"column":23}}},"fnMap":{"0":{"name":"(anonymous_0)","decl":{"start":{"line":7,"column":2},"end":{"line":7,"column":3}},"loc":{"start":{"line":7,"column":26},"end":{"line":16,"column":3}},"line":7},"1":{"name":"(anonymous_1)","decl":{"start":{"line":18,"column":2},"end":{"line":18,"column":3}},"loc":{"start":{"line":18,"column":30},"end":{"line":20,"column":3}},"line":18},"2":{"name":"(anonymous_2)","decl":{"start":{"line":22,"column":2},"end":{"line":22,"column":3}},"loc":{"start":{"line":22,"column":29},"end":{"line":24,"column":3}},"line":22},"3":{"name":"(anonymous_3)","decl":{"start":{"line":26,"column":2},"end":{"line":26,"column":3}},"loc":{"start":{"line":26,"column":22},"end":{"line":28,"column":3}},"line":26},"4":{"name":"(anonymous_4)","decl":{"start":{"line":31,"column":2},"end":{"line":31,"column":3}},"loc":{"start":{"line":31,"column":18},"end":{"line":31,"column":37}},"line":31},"5":{"name":"(anonymous_5)","decl":{"start":{"line":32,"column":2},"end":{"line":32,"column":3}},"loc":{"start":{"line":32,"column":18},"end":{"line":32,"column":39}},"line":32},"6":{"name":"(anonymous_6)","decl":{"start":{"line":33,"column":2},"end":{"line":33,"column":3}},"loc":{"start":{"line":33,"column":18},"end":{"line":33,"column":42}},"line":33},"7":{"name":"(anonymous_7)","decl":{"start":{"line":34,"column":2},"end":{"line":34,"column":3}},"loc":{"start":{"line":34,"column":18},"end":{"line":34,"column":41}},"line":34},"8":{"name":"(anonymous_8)","decl":{"start":{"line":35,"column":2},"end":{"line":35,"column":3}},"loc":{"start":{"line":35,"column":18},"end":{"line":35,"column":44}},"line":35},"9":{"name":"(anonymous_9)","decl":{"start":{"line":36,"column":2},"end":{"line":36,"column":3}},"loc":{"start":{"line":36,"column":18},"end":{"line":36,"column":71}},"line":36},"10":{"name":"(anonymous_10)","decl":{"start":{"line":36,"column":47},"end":{"line":36,"column":48}},"loc":{"start":{"line":36,"column":56},"end":{"line":36,"column":68}},"line":36},"11":{"name":"(anonymous_11)","decl":{"start":{"line":37,"column":2},"end":{"line":37,"column":3}},"loc":{"start":{"line":37,"column":33},"end":{"line":37,"column":74}},"line":37},"12":{"name":"(anonymous_12)","decl":{"start":{"line":39,"column":2},"end":{"line":39,"column":3}},"loc":{"start":{"line":39,"column":24},"end":{"line":39,"column":50}},"line":39},"13":{"name":"(anonymous_13)","decl":{"start":{"line":40,"column":2},"end":{"line":40,"column":3}},"loc":{"start":{"line":40,"column":24},"end":{"line":40,"column":52}},"line":40},"14":{"name":"(anonymous_14)","decl":{"start":{"line":43,"column":2},"end":{"line":43,"column":3}},"loc":{"start":{"line":43,"column":20},"end":{"line":47,"column":3}},"line":43},"15":{"name":"(anonymous_15)","decl":{"start":{"line":49,"column":2},"end":{"line":49,"column":3}},"loc":{"start":{"line":49,"column":23},"end":{"line":52,"column":3}},"line":49},"16":{"name":"(anonymous_16)","decl":{"start":{"line":54,"column":2},"end":{"line":54,"column":3}},"loc":{"start":{"line":54,"column":24},"end":{"line":58,"column":3}},"line":54},"17":{"name":"(anonymous_17)","decl":{"start":{"line":60,"column":2},"end":{"line":60,"column":3}},"loc":{"start":{"line":60,"column":25},"end":{"line":62,"column":3}},"line":60},"18":{"name":"(anonymous_18)","decl":{"start":{"line":61,"column":26},"end":{"line":61,"column":27}},"loc":{"start":{"line":61,"column":35},"end":{"line":61,"column":55}},"line":61},"19":{"name":"(anonymous_19)","decl":{"start":{"line":64,"column":2},"end":{"line":64,"column":3}},"loc":{"start":{"line":64,"column":29},"end":{"line":66,"column":3}},"line":64},"20":{"name":"(anonymous_20)","decl":{"start":{"line":65,"column":26},"end":{"line":65,"column":27}},"loc":{"start":{"line":65,"column":35},"end":{"line":65,"column":59}},"line":65},"21":{"name":"(anonymous_21)","decl":{"start":{"line":69,"column":2},"end":{"line":69,"column":3}},"loc":{"start":{"line":69,"column":30},"end":{"line":73,"column":3}},"line":69},"22":{"name":"(anonymous_22)","decl":{"start":{"line":75,"column":2},"end":{"line":75,"column":3}},"loc":{"start":{"line":75,"column":22},"end":{"line":77,"column":3}},"line":75},"23":{"name":"(anonymous_23)","decl":{"start":{"line":76,"column":21},"end":{"line":76,"column":22}},"loc":{"start":{"line":76,"column":30},"end":{"line":76,"column":52}},"line":76},"24":{"name":"(anonymous_24)","decl":{"start":{"line":80,"column":2},"end":{"line":80,"column":3}},"loc":{"start":{"line":80,"column":21},"end":{"line":83,"column":3}},"line":80},"25":{"name":"(anonymous_25)","decl":{"start":{"line":85,"column":2},"end":{"line":85,"column":3}},"loc":{"start":{"line":85,"column":47},"end":{"line":87,"column":3}},"line":85},"26":{"name":"(anonymous_26)","decl":{"start":{"line":91,"column":2},"end":{"line":91,"column":3}},"loc":{"start":{"line":91,"column":39},"end":{"line":94,"column":3}},"line":91},"27":{"name":"(anonymous_27)","decl":{"start":{"line":96,"column":2},"end":{"line":96,"column":3}},"loc":{"start":{"line":96,"column":29},"end":{"line":101,"column":3}},"line":96},"28":{"name":"(anonymous_28)","decl":{"start":{"line":103,"column":2},"end":{"line":103,"column":3}},"loc":{"start":{"line":103,"column":25},"end":{"line":105,"column":3}},"line":103},"29":{"name":"(anonymous_29)","decl":{"start":{"line":104,"column":28},"end":{"line":104,"column":29}},"loc":{"start":{"line":104,"column":37},"end":{"line":104,"column":57}},"line":104},"30":{"name":"(anonymous_30)","decl":{"start":{"line":108,"column":2},"end":{"line":108,"column":3}},"loc":{"start":{"line":108,"column":28},"end":{"line":110,"column":3}},"line":108},"31":{"name":"(anonymous_31)","decl":{"start":{"line":109,"column":27},"end":{"line":109,"column":28}},"loc":{"start":{"line":109,"column":39},"end":{"line":109,"column":78}},"line":109},"32":{"name":"(anonymous_32)","decl":{"start":{"line":112,"column":2},"end":{"line":112,"column":3}},"loc":{"start":{"line":112,"column":30},"end":{"line":115,"column":3}},"line":112}},"branchMap":{"0":{"loc":{"start":{"line":8,"column":4},"end":{"line":8,"column":27}},"type":"if","locations":[{"start":{"line":8,"column":4},"end":{"line":8,"column":27}},{"start":{"line":8,"column":4},"end":{"line":8,"column":27}}],"line":8},"1":{"loc":{"start":{"line":56,"column":4},"end":{"line":56,"column":51}},"type":"if","locations":[{"start":{"line":56,"column":4},"end":{"line":56,"column":51}},{"start":{"line":56,"column":4},"end":{"line":56,"column":51}}],"line":56},"2":{"loc":{"start":{"line":92,"column":4},"end":{"line":93,"column":62}},"type":"if","locations":[{"start":{"line":92,"column":4},"end":{"line":93,"column":62}},{"start":{"line":92,"column":4},"end":{"line":93,"column":62}}],"line":92},"3":{"loc":{"start":{"line":97,"column":4},"end":{"line":98,"column":52}},"type":"if","locations":[{"start":{"line":97,"column":4},"end":{"line":98,"column":52}},{"start":{"line":97,"column":4},"end":{"line":98,"column":52}}],"line":97},"4":{"loc":{"start":{"line":99,"column":4},"end":{"line":100,"column":56}},"type":"if","locations":[{"start":{"line":99,"column":4},"end":{"line":100,"column":56}},{"start":{"line":99,"column":4},"end":{"line":100,"column":56}}],"line":99},"5":{"loc":{"start":{"line":113,"column":4},"end":{"line":114,"column":53}},"type":"if","locations":[{"start":{"line":113,"column":4},"end":{"line":114,"column":53}},{"start":{"line":113,"column":4},"end":{"line":114,"column":53}}],"line":113}},"s":{"0":1,"1":1,"2":1,"3":88,"4":0,"5":88,"6":88,"7":88,"8":88,"9":88,"10":88,"11":88,"12":288,"13":2,"14":13,"15":184,"16":58,"17":3,"18":664,"19":197,"20":58,"21":102,"22":3,"23":0,"24":0,"25":91,"26":90,"27":90,"28":5,"29":4,"30":4,"31":4,"32":2,"33":2,"34":2,"35":1,"36":2,"37":1,"38":83,"39":82,"40":82,"41":3,"42":3,"43":10,"44":9,"45":3,"46":88,"47":2,"48":91,"49":1,"50":90,"51":0,"52":90,"53":29,"54":172,"55":2,"56":10,"57":1,"58":1},"f":{"0":88,"1":288,"2":2,"3":13,"4":184,"5":58,"6":3,"7":664,"8":197,"9":58,"10":102,"11":3,"12":0,"13":0,"14":91,"15":5,"16":4,"17":2,"18":1,"19":2,"20":1,"21":83,"22":3,"23":3,"24":10,"25":3,"26":88,"27":91,"28":90,"29":29,"30":172,"31":2,"32":10},"b":{"0":[0,88],"1":[2,2],"2":[2,86],"3":[1,90],"4":[0,90],"5":[1,9]},"_coverageSchema":"43e27e138ebf9cfc5966b082cf9a028302ed4184","hash":"83ab976b0a48db467ff3594ef97b31db565f964e","contentHash":"5b1f3a39a56d2a8f823ede8d9ff37fd8abbfd866957b4f4601c63f6eb7eebf1c"},"/home/david/Escritorio/unq 2019 S2/GIT COSAS/UNQfy/src/exceptions/AlreadyFollowedBySomeone.js":{"path":"/home/david/Escritorio/unq 2019 S2/GIT COSAS/UNQfy/src/exceptions/AlreadyFollowedBySomeone.js","statementMap":{"0":{"start":{"line":1,"column":0},"end":{"line":8,"column":1}},"1":{"start":{"line":5,"column":4},"end":{"line":5,"column":82}}},"fnMap":{"0":{"name":"(anonymous_0)","decl":{"start":{"line":4,"column":2},"end":{"line":4,"column":3}},"loc":{"start":{"line":4,"column":34},"end":{"line":6,"column":3}},"line":4}},"branchMap":{},"s":{"0":1,"1":1},"f":{"0":1},"b":{},"_coverageSchema":"43e27e138ebf9cfc5966b082cf9a028302ed4184","hash":"58d1e3837a33ee7cdf09494d8a3beaae05b4e629","contentHash":"9ddd36fc68ace4b15a2bfaeb623e53fb8f4c6af78d1a1ab69d7ba0d28b5f2532"},"/home/david/Escritorio/unq 2019 S2/GIT COSAS/UNQfy/src/entities/Playlist.js":{"path":"/home/david/Escritorio/unq 2019 S2/GIT COSAS/UNQfy/src/entities/Playlist.js","statementMap":{"0":{"start":{"line":1,"column":0},"end":{"line":1,"column":44}},"1":{"start":{"line":6,"column":4},"end":{"line":6,"column":27}},"2":{"start":{"line":6,"column":21},"end":{"line":6,"column":27}},"3":{"start":{"line":7,"column":38},"end":{"line":7,"column":48}},"4":{"start":{"line":8,"column":4},"end":{"line":8,"column":21}},"5":{"start":{"line":9,"column":4},"end":{"line":9,"column":23}},"6":{"start":{"line":10,"column":4},"end":{"line":10,"column":25}},"7":{"start":{"line":13,"column":19},"end":{"line":13,"column":34}},"8":{"start":{"line":14,"column":19},"end":{"line":14,"column":36}},"9":{"start":{"line":15,"column":19},"end":{"line":15,"column":38}},"10":{"start":{"line":17,"column":15},"end":{"line":17,"column":103}},"11":{"start":{"line":17,"column":68},"end":{"line":17,"column":99}},"12":{"start":{"line":19,"column":22},"end":{"line":19,"column":42}},"13":{"start":{"line":22,"column":4},"end":{"line":22,"column":28}},"14":{"start":{"line":23,"column":4},"end":{"line":23,"column":15}},"15":{"start":{"line":27,"column":4},"end":{"line":27,"column":31}},"16":{"start":{"line":28,"column":4},"end":{"line":28,"column":15}},"17":{"start":{"line":32,"column":4},"end":{"line":32,"column":39}},"18":{"start":{"line":36,"column":4},"end":{"line":36,"column":62}},"19":{"start":{"line":36,"column":47},"end":{"line":36,"column":61}},"20":{"start":{"line":40,"column":4},"end":{"line":40,"column":52}},"21":{"start":{"line":40,"column":28},"end":{"line":40,"column":51}},"22":{"start":{"line":44,"column":0},"end":{"line":44,"column":25}}},"fnMap":{"0":{"name":"(anonymous_0)","decl":{"start":{"line":5,"column":2},"end":{"line":5,"column":3}},"loc":{"start":{"line":5,"column":26},"end":{"line":11,"column":3}},"line":5},"1":{"name":"(anonymous_1)","decl":{"start":{"line":13,"column":2},"end":{"line":13,"column":3}},"loc":{"start":{"line":13,"column":17},"end":{"line":13,"column":36}},"line":13},"2":{"name":"(anonymous_2)","decl":{"start":{"line":14,"column":2},"end":{"line":14,"column":3}},"loc":{"start":{"line":14,"column":17},"end":{"line":14,"column":38}},"line":14},"3":{"name":"(anonymous_3)","decl":{"start":{"line":15,"column":2},"end":{"line":15,"column":3}},"loc":{"start":{"line":15,"column":17},"end":{"line":15,"column":40}},"line":15},"4":{"name":"(anonymous_4)","decl":{"start":{"line":17,"column":2},"end":{"line":17,"column":3}},"loc":{"start":{"line":17,"column":13},"end":{"line":17,"column":105}},"line":17},"5":{"name":"(anonymous_5)","decl":{"start":{"line":17,"column":41},"end":{"line":17,"column":42}},"loc":{"start":{"line":17,"column":68},"end":{"line":17,"column":99}},"line":17},"6":{"name":"(anonymous_6)","decl":{"start":{"line":19,"column":2},"end":{"line":19,"column":3}},"loc":{"start":{"line":19,"column":20},"end":{"line":19,"column":44}},"line":19},"7":{"name":"(anonymous_7)","decl":{"start":{"line":21,"column":2},"end":{"line":21,"column":3}},"loc":{"start":{"line":21,"column":19},"end":{"line":24,"column":3}},"line":21},"8":{"name":"(anonymous_8)","decl":{"start":{"line":26,"column":2},"end":{"line":26,"column":3}},"loc":{"start":{"line":26,"column":23},"end":{"line":29,"column":3}},"line":26},"9":{"name":"(anonymous_9)","decl":{"start":{"line":31,"column":2},"end":{"line":31,"column":3}},"loc":{"start":{"line":31,"column":19},"end":{"line":33,"column":3}},"line":31},"10":{"name":"(anonymous_10)","decl":{"start":{"line":35,"column":2},"end":{"line":35,"column":3}},"loc":{"start":{"line":35,"column":21},"end":{"line":37,"column":3}},"line":35},"11":{"name":"(anonymous_11)","decl":{"start":{"line":36,"column":39},"end":{"line":36,"column":40}},"loc":{"start":{"line":36,"column":47},"end":{"line":36,"column":61}},"line":36},"12":{"name":"(anonymous_12)","decl":{"start":{"line":39,"column":2},"end":{"line":39,"column":3}},"loc":{"start":{"line":39,"column":20},"end":{"line":41,"column":3}},"line":39},"13":{"name":"(anonymous_13)","decl":{"start":{"line":40,"column":19},"end":{"line":40,"column":20}},"loc":{"start":{"line":40,"column":28},"end":{"line":40,"column":51}},"line":40}},"branchMap":{"0":{"loc":{"start":{"line":6,"column":4},"end":{"line":6,"column":27}},"type":"if","locations":[{"start":{"line":6,"column":4},"end":{"line":6,"column":27}},{"start":{"line":6,"column":4},"end":{"line":6,"column":27}}],"line":6},"1":{"loc":{"start":{"line":7,"column":22},"end":{"line":7,"column":33}},"type":"default-arg","locations":[{"start":{"line":7,"column":31},"end":{"line":7,"column":33}}],"line":7}},"s":{"0":1,"1":44,"2":0,"3":44,"4":44,"5":44,"6":44,"7":3,"8":5,"9":158,"10":62,"11":40,"12":0,"13":69,"14":69,"15":0,"16":0,"17":8,"18":14,"19":26,"20":9,"21":13,"22":1},"f":{"0":44,"1":3,"2":5,"3":158,"4":62,"5":40,"6":0,"7":69,"8":0,"9":8,"10":14,"11":26,"12":9,"13":13},"b":{"0":[0,44],"1":[44]},"_coverageSchema":"43e27e138ebf9cfc5966b082cf9a028302ed4184","hash":"0c90831d3ac4c88b5734efb40ffd2ee5bf0d440e","contentHash":"30c0ecdf7eca07758d56e87d8f3b6e19c64c9c5ccf928dd03f1b933076b8b467"},"/home/david/Escritorio/unq 2019 S2/GIT COSAS/UNQfy/src/entities/User.js":{"path":"/home/david/Escritorio/unq 2019 S2/GIT COSAS/UNQfy/src/entities/User.js","statementMap":{"0":{"start":{"line":1,"column":18},"end":{"line":1,"column":40}},"1":{"start":{"line":3,"column":0},"end":{"line":87,"column":1}},"2":{"start":{"line":7,"column":4},"end":{"line":7,"column":27}},"3":{"start":{"line":7,"column":21},"end":{"line":7,"column":27}},"4":{"start":{"line":8,"column":4},"end":{"line":8,"column":39}},"5":{"start":{"line":9,"column":4},"end":{"line":9,"column":41}},"6":{"start":{"line":10,"column":4},"end":{"line":10,"column":28}},"7":{"start":{"line":11,"column":4},"end":{"line":11,"column":28}},"8":{"start":{"line":12,"column":4},"end":{"line":12,"column":28}},"9":{"start":{"line":13,"column":4},"end":{"line":13,"column":28}},"10":{"start":{"line":16,"column":25},"end":{"line":16,"column":40}},"11":{"start":{"line":17,"column":25},"end":{"line":17,"column":42}},"12":{"start":{"line":18,"column":25},"end":{"line":18,"column":51}},"13":{"start":{"line":19,"column":25},"end":{"line":19,"column":48}},"14":{"start":{"line":20,"column":25},"end":{"line":20,"column":76}},"15":{"start":{"line":21,"column":25},"end":{"line":21,"column":47}},"16":{"start":{"line":22,"column":25},"end":{"line":22,"column":48}},"17":{"start":{"line":26,"column":4},"end":{"line":26,"column":47}},"18":{"start":{"line":30,"column":4},"end":{"line":30,"column":45}},"19":{"start":{"line":35,"column":4},"end":{"line":35,"column":49}},"20":{"start":{"line":39,"column":4},"end":{"line":41,"column":30}},"21":{"start":{"line":40,"column":21},"end":{"line":40,"column":68}},"22":{"start":{"line":53,"column":4},"end":{"line":53,"column":36}},"23":{"start":{"line":57,"column":4},"end":{"line":57,"column":34}},"24":{"start":{"line":61,"column":4},"end":{"line":61,"column":36}},"25":{"start":{"line":65,"column":4},"end":{"line":65,"column":37}},"26":{"start":{"line":66,"column":4},"end":{"line":66,"column":34}},"27":{"start":{"line":67,"column":4},"end":{"line":67,"column":30}},"28":{"start":{"line":71,"column":4},"end":{"line":71,"column":42}},"29":{"start":{"line":76,"column":4},"end":{"line":76,"column":62}},"30":{"start":{"line":76,"column":45},"end":{"line":76,"column":61}},"31":{"start":{"line":80,"column":4},"end":{"line":80,"column":76}},"32":{"start":{"line":80,"column":48},"end":{"line":80,"column":75}},"33":{"start":{"line":84,"column":4},"end":{"line":85,"column":63}},"34":{"start":{"line":85,"column":6},"end":{"line":85,"column":63}}},"fnMap":{"0":{"name":"(anonymous_0)","decl":{"start":{"line":6,"column":2},"end":{"line":6,"column":3}},"loc":{"start":{"line":6,"column":26},"end":{"line":14,"column":3}},"line":6},"1":{"name":"(anonymous_1)","decl":{"start":{"line":16,"column":2},"end":{"line":16,"column":3}},"loc":{"start":{"line":16,"column":23},"end":{"line":16,"column":42}},"line":16},"2":{"name":"(anonymous_2)","decl":{"start":{"line":17,"column":2},"end":{"line":17,"column":3}},"loc":{"start":{"line":17,"column":23},"end":{"line":17,"column":44}},"line":17},"3":{"name":"(anonymous_3)","decl":{"start":{"line":18,"column":2},"end":{"line":18,"column":3}},"loc":{"start":{"line":18,"column":23},"end":{"line":18,"column":53}},"line":18},"4":{"name":"(anonymous_4)","decl":{"start":{"line":19,"column":2},"end":{"line":19,"column":3}},"loc":{"start":{"line":19,"column":23},"end":{"line":19,"column":50}},"line":19},"5":{"name":"(anonymous_5)","decl":{"start":{"line":20,"column":2},"end":{"line":20,"column":3}},"loc":{"start":{"line":20,"column":23},"end":{"line":20,"column":78}},"line":20},"6":{"name":"(anonymous_6)","decl":{"start":{"line":21,"column":2},"end":{"line":21,"column":3}},"loc":{"start":{"line":21,"column":23},"end":{"line":21,"column":49}},"line":21},"7":{"name":"(anonymous_7)","decl":{"start":{"line":22,"column":2},"end":{"line":22,"column":3}},"loc":{"start":{"line":22,"column":23},"end":{"line":22,"column":50}},"line":22},"8":{"name":"(anonymous_8)","decl":{"start":{"line":25,"column":2},"end":{"line":25,"column":3}},"loc":{"start":{"line":25,"column":22},"end":{"line":27,"column":3}},"line":25},"9":{"name":"(anonymous_9)","decl":{"start":{"line":29,"column":2},"end":{"line":29,"column":3}},"loc":{"start":{"line":29,"column":24},"end":{"line":31,"column":3}},"line":29},"10":{"name":"(anonymous_10)","decl":{"start":{"line":34,"column":2},"end":{"line":34,"column":3}},"loc":{"start":{"line":34,"column":24},"end":{"line":36,"column":3}},"line":34},"11":{"name":"(anonymous_11)","decl":{"start":{"line":38,"column":2},"end":{"line":38,"column":3}},"loc":{"start":{"line":38,"column":36},"end":{"line":42,"column":3}},"line":38},"12":{"name":"(anonymous_12)","decl":{"start":{"line":40,"column":12},"end":{"line":40,"column":13}},"loc":{"start":{"line":40,"column":21},"end":{"line":40,"column":68}},"line":40},"13":{"name":"(anonymous_13)","decl":{"start":{"line":52,"column":2},"end":{"line":52,"column":3}},"loc":{"start":{"line":52,"column":27},"end":{"line":54,"column":3}},"line":52},"14":{"name":"(anonymous_14)","decl":{"start":{"line":56,"column":2},"end":{"line":56,"column":3}},"loc":{"start":{"line":56,"column":30},"end":{"line":58,"column":3}},"line":56},"15":{"name":"(anonymous_15)","decl":{"start":{"line":60,"column":2},"end":{"line":60,"column":3}},"loc":{"start":{"line":60,"column":28},"end":{"line":62,"column":3}},"line":60},"16":{"name":"(anonymous_16)","decl":{"start":{"line":64,"column":2},"end":{"line":64,"column":3}},"loc":{"start":{"line":64,"column":19},"end":{"line":68,"column":3}},"line":64},"17":{"name":"(anonymous_17)","decl":{"start":{"line":70,"column":2},"end":{"line":70,"column":3}},"loc":{"start":{"line":70,"column":33},"end":{"line":72,"column":3}},"line":70},"18":{"name":"(anonymous_18)","decl":{"start":{"line":75,"column":2},"end":{"line":75,"column":3}},"loc":{"start":{"line":75,"column":34},"end":{"line":77,"column":3}},"line":75},"19":{"name":"(anonymous_19)","decl":{"start":{"line":76,"column":31},"end":{"line":76,"column":32}},"loc":{"start":{"line":76,"column":45},"end":{"line":76,"column":61}},"line":76},"20":{"name":"(anonymous_20)","decl":{"start":{"line":79,"column":2},"end":{"line":79,"column":3}},"loc":{"start":{"line":79,"column":29},"end":{"line":81,"column":3}},"line":79},"21":{"name":"(anonymous_21)","decl":{"start":{"line":80,"column":34},"end":{"line":80,"column":35}},"loc":{"start":{"line":80,"column":48},"end":{"line":80,"column":75}},"line":80},"22":{"name":"(anonymous_22)","decl":{"start":{"line":83,"column":2},"end":{"line":83,"column":3}},"loc":{"start":{"line":83,"column":31},"end":{"line":86,"column":3}},"line":83}},"branchMap":{"0":{"loc":{"start":{"line":7,"column":4},"end":{"line":7,"column":27}},"type":"if","locations":[{"start":{"line":7,"column":4},"end":{"line":7,"column":27}},{"start":{"line":7,"column":4},"end":{"line":7,"column":27}}],"line":7},"1":{"loc":{"start":{"line":84,"column":4},"end":{"line":85,"column":63}},"type":"if","locations":[{"start":{"line":84,"column":4},"end":{"line":85,"column":63}},{"start":{"line":84,"column":4},"end":{"line":85,"column":63}}],"line":84}},"s":{"0":1,"1":1,"2":32,"3":0,"4":32,"5":32,"6":32,"7":32,"8":32,"9":32,"10":9,"11":12,"12":12,"13":41,"14":8,"15":13,"16":18,"17":4,"18":9,"19":14,"20":2,"21":6,"22":16,"23":4,"24":1,"25":7,"26":6,"27":6,"28":3,"29":8,"30":24,"31":14,"32":76,"33":7,"34":1},"f":{"0":32,"1":9,"2":12,"3":12,"4":41,"5":8,"6":13,"7":18,"8":4,"9":9,"10":14,"11":2,"12":6,"13":16,"14":4,"15":1,"16":7,"17":3,"18":8,"19":24,"20":14,"21":76,"22":7},"b":{"0":[0,32],"1":[1,6]},"_coverageSchema":"43e27e138ebf9cfc5966b082cf9a028302ed4184","hash":"47248a47bab597f808c1f0258040866b05b65cf6","contentHash":"e689f7886195a9114cf3146bed86e6fd1513ae496b297872536c8395f2bbca1e"},"/home/david/Escritorio/unq 2019 S2/GIT COSAS/UNQfy/src/entities/Listening.js":{"path":"/home/david/Escritorio/unq 2019 S2/GIT COSAS/UNQfy/src/entities/Listening.js","statementMap":{"0":{"start":{"line":1,"column":0},"end":{"line":16,"column":1}},"1":{"start":{"line":5,"column":4},"end":{"line":5,"column":29}},"2":{"start":{"line":6,"column":4},"end":{"line":6,"column":27}},"3":{"start":{"line":7,"column":4},"end":{"line":7,"column":26}},"4":{"start":{"line":8,"column":4},"end":{"line":8,"column":26}},"5":{"start":{"line":11,"column":19},"end":{"line":11,"column":40}},"6":{"start":{"line":12,"column":19},"end":{"line":12,"column":38}},"7":{"start":{"line":13,"column":19},"end":{"line":13,"column":37}},"8":{"start":{"line":14,"column":19},"end":{"line":14,"column":37}}},"fnMap":{"0":{"name":"(anonymous_0)","decl":{"start":{"line":4,"column":2},"end":{"line":4,"column":3}},"loc":{"start":{"line":4,"column":48},"end":{"line":9,"column":3}},"line":4},"1":{"name":"(anonymous_1)","decl":{"start":{"line":11,"column":2},"end":{"line":11,"column":3}},"loc":{"start":{"line":11,"column":17},"end":{"line":11,"column":42}},"line":11},"2":{"name":"(anonymous_2)","decl":{"start":{"line":12,"column":2},"end":{"line":12,"column":3}},"loc":{"start":{"line":12,"column":17},"end":{"line":12,"column":42}},"line":12},"3":{"name":"(anonymous_3)","decl":{"start":{"line":13,"column":2},"end":{"line":13,"column":3}},"loc":{"start":{"line":13,"column":17},"end":{"line":13,"column":42}},"line":13},"4":{"name":"(anonymous_4)","decl":{"start":{"line":14,"column":2},"end":{"line":14,"column":3}},"loc":{"start":{"line":14,"column":17},"end":{"line":14,"column":42}},"line":14}},"branchMap":{},"s":{"0":1,"1":21,"2":21,"3":21,"4":21,"5":1,"6":1,"7":1,"8":101},"f":{"0":21,"1":1,"2":1,"3":1,"4":101},"b":{},"_coverageSchema":"43e27e138ebf9cfc5966b082cf9a028302ed4184","hash":"66baa2aa5ae7e324fc2d9ee7849b337624a9303f","contentHash":"1fb3b882ca27ba431479ba5a01846f5dc57f4068fc2276cb4a430368b70a23a7"},"/home/david/Escritorio/unq 2019 S2/GIT COSAS/UNQfy/src/PlaylistGenerator.js":{"path":"/home/david/Escritorio/unq 2019 S2/GIT COSAS/UNQfy/src/PlaylistGenerator.js","statementMap":{"0":{"start":{"line":1,"column":17},"end":{"line":1,"column":47}},"1":{"start":{"line":6,"column":4},"end":{"line":13,"column":7}},"2":{"start":{"line":7,"column":23},"end":{"line":7,"column":64}},"3":{"start":{"line":9,"column":10},"end":{"line":11,"column":23}},"4":{"start":{"line":17,"column":4},"end":{"line":17,"column":37}},"5":{"start":{"line":21,"column":4},"end":{"line":21,"column":62}},"6":{"start":{"line":26,"column":0},"end":{"line":26,"column":34}}},"fnMap":{"0":{"name":"(anonymous_0)","decl":{"start":{"line":5,"column":2},"end":{"line":5,"column":3}},"loc":{"start":{"line":5,"column":79},"end":{"line":14,"column":3}},"line":5},"1":{"name":"(anonymous_1)","decl":{"start":{"line":7,"column":14},"end":{"line":7,"column":15}},"loc":{"start":{"line":7,"column":23},"end":{"line":7,"column":64}},"line":7},"2":{"name":"(anonymous_2)","decl":{"start":{"line":8,"column":14},"end":{"line":8,"column":15}},"loc":{"start":{"line":9,"column":10},"end":{"line":11,"column":23}},"line":9},"3":{"name":"(anonymous_3)","decl":{"start":{"line":16,"column":2},"end":{"line":16,"column":3}},"loc":{"start":{"line":16,"column":33},"end":{"line":18,"column":3}},"line":16},"4":{"name":"(anonymous_4)","decl":{"start":{"line":20,"column":2},"end":{"line":20,"column":3}},"loc":{"start":{"line":20,"column":71},"end":{"line":22,"column":3}},"line":20}},"branchMap":{"0":{"loc":{"start":{"line":9,"column":10},"end":{"line":11,"column":23}},"type":"cond-expr","locations":[{"start":{"line":10,"column":12},"end":{"line":10,"column":40}},{"start":{"line":11,"column":12},"end":{"line":11,"column":23}}],"line":9}},"s":{"0":1,"1":32,"2":65,"3":60,"4":32,"5":60,"6":1},"f":{"0":32,"1":65,"2":60,"3":32,"4":60},"b":{"0":[58,2]},"_coverageSchema":"43e27e138ebf9cfc5966b082cf9a028302ed4184","hash":"c7b0a7171ab8765b1c28ebee6a474c085fdc6340","contentHash":"19354f2e3881b6ec8e7d6cb798e4102985673c476c5ef56b71324cb154319a70"},"/home/david/Escritorio/unq 2019 S2/GIT COSAS/UNQfy/src/unqfy.js":{"path":"/home/david/Escritorio/unq 2019 S2/GIT COSAS/UNQfy/src/unqfy.js","statementMap":{"0":{"start":{"line":1,"column":17},"end":{"line":1,"column":36}},"1":{"start":{"line":2,"column":11},"end":{"line":2,"column":24}},"2":{"start":{"line":4,"column":60},"end":{"line":4,"column":85}},"3":{"start":{"line":5,"column":69},"end":{"line":5,"column":103}},"4":{"start":{"line":7,"column":26},"end":{"line":7,"column":59}},"5":{"start":{"line":9,"column":27},"end":{"line":9,"column":80}},"6":{"start":{"line":15,"column":4},"end":{"line":15,"column":49}},"7":{"start":{"line":16,"column":4},"end":{"line":16,"column":32}},"8":{"start":{"line":19,"column":24},"end":{"line":19,"column":45}},"9":{"start":{"line":21,"column":20},"end":{"line":21,"column":61}},"10":{"start":{"line":22,"column":20},"end":{"line":22,"column":59}},"11":{"start":{"line":23,"column":20},"end":{"line":23,"column":58}},"12":{"start":{"line":24,"column":20},"end":{"line":24,"column":58}},"13":{"start":{"line":28,"column":20},"end":{"line":28,"column":59}},"14":{"start":{"line":29,"column":4},"end":{"line":29,"column":45}},"15":{"start":{"line":30,"column":4},"end":{"line":30,"column":18}},"16":{"start":{"line":34,"column":19},"end":{"line":34,"column":43}},"17":{"start":{"line":35,"column":19},"end":{"line":35,"column":45}},"18":{"start":{"line":36,"column":19},"end":{"line":36,"column":50}},"19":{"start":{"line":37,"column":19},"end":{"line":37,"column":48}},"20":{"start":{"line":39,"column":25},"end":{"line":39,"column":78}},"21":{"start":{"line":41,"column":4},"end":{"line":41,"column":35}},"22":{"start":{"line":42,"column":4},"end":{"line":42,"column":57}},"23":{"start":{"line":46,"column":4},"end":{"line":46,"column":82}},"24":{"start":{"line":46,"column":59},"end":{"line":46,"column":81}},"25":{"start":{"line":50,"column":24},"end":{"line":50,"column":87}},"26":{"start":{"line":51,"column":24},"end":{"line":51,"column":48}},"27":{"start":{"line":52,"column":4},"end":{"line":52,"column":38}},"28":{"start":{"line":53,"column":4},"end":{"line":53,"column":22}},"29":{"start":{"line":58,"column":22},"end":{"line":58,"column":72}},"30":{"start":{"line":59,"column":4},"end":{"line":59,"column":49}},"31":{"start":{"line":60,"column":4},"end":{"line":60,"column":20}},"32":{"start":{"line":64,"column":4},"end":{"line":64,"column":51}},"33":{"start":{"line":68,"column":4},"end":{"line":68,"column":78}},"34":{"start":{"line":72,"column":4},"end":{"line":73,"column":83}},"35":{"start":{"line":78,"column":21},"end":{"line":78,"column":67}},"36":{"start":{"line":79,"column":21},"end":{"line":79,"column":49}},"37":{"start":{"line":80,"column":4},"end":{"line":80,"column":29}},"38":{"start":{"line":81,"column":4},"end":{"line":81,"column":19}},"39":{"start":{"line":85,"column":19},"end":{"line":85,"column":45}},"40":{"start":{"line":86,"column":19},"end":{"line":86,"column":48}},"41":{"start":{"line":87,"column":4},"end":{"line":87,"column":46}},"42":{"start":{"line":88,"column":4},"end":{"line":88,"column":29}},"43":{"start":{"line":93,"column":21},"end":{"line":93,"column":79}},"44":{"start":{"line":94,"column":21},"end":{"line":94,"column":47}},"45":{"start":{"line":95,"column":21},"end":{"line":95,"column":50}},"46":{"start":{"line":96,"column":4},"end":{"line":96,"column":38}},"47":{"start":{"line":97,"column":4},"end":{"line":97,"column":19}},"48":{"start":{"line":101,"column":19},"end":{"line":101,"column":45}},"49":{"start":{"line":102,"column":19},"end":{"line":102,"column":47}},"50":{"start":{"line":103,"column":4},"end":{"line":103,"column":41}},"51":{"start":{"line":104,"column":4},"end":{"line":104,"column":29}},"52":{"start":{"line":109,"column":24},"end":{"line":109,"column":131}},"53":{"start":{"line":110,"column":4},"end":{"line":110,"column":53}},"54":{"start":{"line":111,"column":4},"end":{"line":111,"column":22}},"55":{"start":{"line":115,"column":4},"end":{"line":115,"column":55}},"56":{"start":{"line":119,"column":4},"end":{"line":119,"column":88}},"57":{"start":{"line":119,"column":61},"end":{"line":119,"column":87}},"58":{"start":{"line":123,"column":37},"end":{"line":123,"column":136}},"59":{"start":{"line":123,"column":89},"end":{"line":123,"column":135}},"60":{"start":{"line":124,"column":38},"end":{"line":124,"column":133}},"61":{"start":{"line":124,"column":90},"end":{"line":124,"column":132}},"62":{"start":{"line":126,"column":27},"end":{"line":126,"column":102}},"63":{"start":{"line":127,"column":27},"end":{"line":127,"column":102}},"64":{"start":{"line":128,"column":27},"end":{"line":128,"column":102}},"65":{"start":{"line":129,"column":27},"end":{"line":129,"column":102}},"66":{"start":{"line":130,"column":27},"end":{"line":130,"column":102}},"67":{"start":{"line":132,"column":27},"end":{"line":132,"column":107}},"68":{"start":{"line":135,"column":4},"end":{"line":135,"column":94}},"69":{"start":{"line":135,"column":61},"end":{"line":135,"column":93}},"70":{"start":{"line":141,"column":4},"end":{"line":141,"column":31}},"71":{"start":{"line":145,"column":4},"end":{"line":145,"column":53}},"72":{"start":{"line":149,"column":4},"end":{"line":149,"column":96}},"73":{"start":{"line":149,"column":61},"end":{"line":149,"column":95}},"74":{"start":{"line":153,"column":4},"end":{"line":153,"column":95}},"75":{"start":{"line":153,"column":61},"end":{"line":153,"column":94}},"76":{"start":{"line":158,"column":25},"end":{"line":158,"column":39}},"77":{"start":{"line":159,"column":4},"end":{"line":159,"column":23}},"78":{"start":{"line":161,"column":27},"end":{"line":161,"column":50}},"79":{"start":{"line":163,"column":4},"end":{"line":163,"column":33}},"80":{"start":{"line":164,"column":4},"end":{"line":164,"column":71}},"81":{"start":{"line":168,"column":27},"end":{"line":168,"column":73}},"82":{"start":{"line":170,"column":20},"end":{"line":170,"column":79}},"83":{"start":{"line":171,"column":4},"end":{"line":171,"column":67}},"84":{"start":{"line":177,"column":0},"end":{"line":179,"column":1}}},"fnMap":{"0":{"name":"(anonymous_0)","decl":{"start":{"line":14,"column":2},"end":{"line":14,"column":3}},"loc":{"start":{"line":14,"column":61},"end":{"line":17,"column":3}},"line":14},"1":{"name":"(anonymous_1)","decl":{"start":{"line":19,"column":2},"end":{"line":19,"column":3}},"loc":{"start":{"line":19,"column":22},"end":{"line":19,"column":47}},"line":19},"2":{"name":"(anonymous_2)","decl":{"start":{"line":21,"column":2},"end":{"line":21,"column":3}},"loc":{"start":{"line":21,"column":18},"end":{"line":21,"column":63}},"line":21},"3":{"name":"(anonymous_3)","decl":{"start":{"line":22,"column":2},"end":{"line":22,"column":3}},"loc":{"start":{"line":22,"column":18},"end":{"line":22,"column":61}},"line":22},"4":{"name":"(anonymous_4)","decl":{"start":{"line":23,"column":2},"end":{"line":23,"column":3}},"loc":{"start":{"line":23,"column":18},"end":{"line":23,"column":60}},"line":23},"5":{"name":"(anonymous_5)","decl":{"start":{"line":24,"column":2},"end":{"line":24,"column":3}},"loc":{"start":{"line":24,"column":18},"end":{"line":24,"column":60}},"line":24},"6":{"name":"(anonymous_6)","decl":{"start":{"line":27,"column":2},"end":{"line":27,"column":3}},"loc":{"start":{"line":27,"column":18},"end":{"line":31,"column":3}},"line":27},"7":{"name":"(anonymous_7)","decl":{"start":{"line":33,"column":2},"end":{"line":33,"column":3}},"loc":{"start":{"line":33,"column":37},"end":{"line":43,"column":3}},"line":33},"8":{"name":"(anonymous_8)","decl":{"start":{"line":45,"column":2},"end":{"line":45,"column":3}},"loc":{"start":{"line":45,"column":30},"end":{"line":47,"column":3}},"line":45},"9":{"name":"(anonymous_9)","decl":{"start":{"line":46,"column":50},"end":{"line":46,"column":51}},"loc":{"start":{"line":46,"column":59},"end":{"line":46,"column":81}},"line":46},"10":{"name":"(anonymous_10)","decl":{"start":{"line":49,"column":2},"end":{"line":49,"column":3}},"loc":{"start":{"line":49,"column":72},"end":{"line":54,"column":3}},"line":49},"11":{"name":"(anonymous_11)","decl":{"start":{"line":57,"column":2},"end":{"line":57,"column":3}},"loc":{"start":{"line":57,"column":29},"end":{"line":61,"column":3}},"line":57},"12":{"name":"(anonymous_12)","decl":{"start":{"line":63,"column":2},"end":{"line":63,"column":3}},"loc":{"start":{"line":63,"column":25},"end":{"line":65,"column":3}},"line":63},"13":{"name":"(anonymous_13)","decl":{"start":{"line":67,"column":2},"end":{"line":67,"column":3}},"loc":{"start":{"line":67,"column":25},"end":{"line":69,"column":3}},"line":67},"14":{"name":"(anonymous_14)","decl":{"start":{"line":71,"column":2},"end":{"line":71,"column":3}},"loc":{"start":{"line":71,"column":28},"end":{"line":74,"column":3}},"line":71},"15":{"name":"(anonymous_15)","decl":{"start":{"line":77,"column":2},"end":{"line":77,"column":3}},"loc":{"start":{"line":77,"column":35},"end":{"line":82,"column":3}},"line":77},"16":{"name":"(anonymous_16)","decl":{"start":{"line":84,"column":2},"end":{"line":84,"column":3}},"loc":{"start":{"line":84,"column":23},"end":{"line":89,"column":3}},"line":84},"17":{"name":"(anonymous_17)","decl":{"start":{"line":92,"column":2},"end":{"line":92,"column":3}},"loc":{"start":{"line":92,"column":46},"end":{"line":98,"column":3}},"line":92},"18":{"name":"(anonymous_18)","decl":{"start":{"line":100,"column":2},"end":{"line":100,"column":3}},"loc":{"start":{"line":100,"column":23},"end":{"line":105,"column":3}},"line":100},"19":{"name":"(anonymous_19)","decl":{"start":{"line":108,"column":2},"end":{"line":108,"column":3}},"loc":{"start":{"line":108,"column":53},"end":{"line":112,"column":3}},"line":108},"20":{"name":"(anonymous_20)","decl":{"start":{"line":114,"column":2},"end":{"line":114,"column":3}},"loc":{"start":{"line":114,"column":29},"end":{"line":116,"column":3}},"line":114},"21":{"name":"(anonymous_21)","decl":{"start":{"line":118,"column":2},"end":{"line":118,"column":3}},"loc":{"start":{"line":118,"column":34},"end":{"line":120,"column":3}},"line":118},"22":{"name":"(anonymous_22)","decl":{"start":{"line":119,"column":49},"end":{"line":119,"column":50}},"loc":{"start":{"line":119,"column":61},"end":{"line":119,"column":87}},"line":119},"23":{"name":"(anonymous_23)","decl":{"start":{"line":123,"column":2},"end":{"line":123,"column":3}},"loc":{"start":{"line":123,"column":36},"end":{"line":123,"column":137}},"line":123},"24":{"name":"(anonymous_24)","decl":{"start":{"line":123,"column":79},"end":{"line":123,"column":80}},"loc":{"start":{"line":123,"column":89},"end":{"line":123,"column":135}},"line":123},"25":{"name":"(anonymous_25)","decl":{"start":{"line":124,"column":2},"end":{"line":124,"column":3}},"loc":{"start":{"line":124,"column":36},"end":{"line":124,"column":135}},"line":124},"26":{"name":"(anonymous_26)","decl":{"start":{"line":124,"column":80},"end":{"line":124,"column":81}},"loc":{"start":{"line":124,"column":90},"end":{"line":124,"column":132}},"line":124},"27":{"name":"(anonymous_27)","decl":{"start":{"line":126,"column":2},"end":{"line":126,"column":3}},"loc":{"start":{"line":126,"column":25},"end":{"line":126,"column":104}},"line":126},"28":{"name":"(anonymous_28)","decl":{"start":{"line":127,"column":2},"end":{"line":127,"column":3}},"loc":{"start":{"line":127,"column":25},"end":{"line":127,"column":104}},"line":127},"29":{"name":"(anonymous_29)","decl":{"start":{"line":128,"column":2},"end":{"line":128,"column":3}},"loc":{"start":{"line":128,"column":25},"end":{"line":128,"column":104}},"line":128},"30":{"name":"(anonymous_30)","decl":{"start":{"line":129,"column":2},"end":{"line":129,"column":3}},"loc":{"start":{"line":129,"column":25},"end":{"line":129,"column":104}},"line":129},"31":{"name":"(anonymous_31)","decl":{"start":{"line":130,"column":2},"end":{"line":130,"column":3}},"loc":{"start":{"line":130,"column":25},"end":{"line":130,"column":104}},"line":130},"32":{"name":"(anonymous_32)","decl":{"start":{"line":132,"column":2},"end":{"line":132,"column":3}},"loc":{"start":{"line":132,"column":25},"end":{"line":132,"column":109}},"line":132},"33":{"name":"(anonymous_33)","decl":{"start":{"line":134,"column":2},"end":{"line":134,"column":3}},"loc":{"start":{"line":134,"column":34},"end":{"line":136,"column":3}},"line":134},"34":{"name":"(anonymous_34)","decl":{"start":{"line":135,"column":52},"end":{"line":135,"column":53}},"loc":{"start":{"line":135,"column":61},"end":{"line":135,"column":93}},"line":135},"35":{"name":"(anonymous_35)","decl":{"start":{"line":138,"column":2},"end":{"line":138,"column":3}},"loc":{"start":{"line":138,"column":38},"end":{"line":142,"column":3}},"line":138},"36":{"name":"(anonymous_36)","decl":{"start":{"line":144,"column":2},"end":{"line":144,"column":3}},"loc":{"start":{"line":144,"column":42},"end":{"line":146,"column":3}},"line":144},"37":{"name":"(anonymous_37)","decl":{"start":{"line":148,"column":2},"end":{"line":148,"column":3}},"loc":{"start":{"line":148,"column":29},"end":{"line":150,"column":3}},"line":148},"38":{"name":"(anonymous_38)","decl":{"start":{"line":149,"column":51},"end":{"line":149,"column":52}},"loc":{"start":{"line":149,"column":61},"end":{"line":149,"column":95}},"line":149},"39":{"name":"(anonymous_39)","decl":{"start":{"line":152,"column":2},"end":{"line":152,"column":3}},"loc":{"start":{"line":152,"column":27},"end":{"line":154,"column":3}},"line":152},"40":{"name":"(anonymous_40)","decl":{"start":{"line":153,"column":51},"end":{"line":153,"column":52}},"loc":{"start":{"line":153,"column":61},"end":{"line":153,"column":94}},"line":153},"41":{"name":"(anonymous_41)","decl":{"start":{"line":157,"column":2},"end":{"line":157,"column":3}},"loc":{"start":{"line":157,"column":17},"end":{"line":165,"column":3}},"line":157},"42":{"name":"(anonymous_42)","decl":{"start":{"line":167,"column":2},"end":{"line":167,"column":3}},"loc":{"start":{"line":167,"column":24},"end":{"line":172,"column":3}},"line":167}},"branchMap":{"0":{"loc":{"start":{"line":14,"column":14},"end":{"line":14,"column":59}},"type":"default-arg","locations":[{"start":{"line":14,"column":35},"end":{"line":14,"column":59}}],"line":14},"1":{"loc":{"start":{"line":72,"column":11},"end":{"line":73,"column":83}},"type":"binary-expr","locations":[{"start":{"line":72,"column":11},"end":{"line":72,"column":83}},{"start":{"line":73,"column":11},"end":{"line":73,"column":83}}],"line":72}},"s":{"0":1,"1":1,"2":1,"3":1,"4":1,"5":1,"6":48,"7":48,"8":250,"9":3,"10":1,"11":3,"12":30,"13":8,"14":7,"15":7,"16":2,"17":2,"18":2,"19":2,"20":2,"21":2,"22":2,"23":2,"24":6,"25":1,"26":1,"27":1,"28":1,"29":61,"30":60,"31":60,"32":3,"33":2,"34":71,"35":75,"36":75,"37":75,"38":75,"39":3,"40":3,"41":3,"42":3,"43":80,"44":80,"45":80,"46":80,"47":80,"48":2,"49":2,"50":2,"51":2,"52":28,"53":28,"54":28,"55":1,"56":5,"57":5,"58":2,"59":16,"60":1,"61":12,"62":77,"63":86,"64":5,"65":0,"66":4,"67":1,"68":1,"69":5,"70":1,"71":0,"72":85,"73":107,"74":2,"75":2,"76":0,"77":0,"78":0,"79":0,"80":0,"81":0,"82":0,"83":0,"84":1},"f":{"0":48,"1":250,"2":3,"3":1,"4":3,"5":30,"6":8,"7":2,"8":2,"9":6,"10":1,"11":61,"12":3,"13":2,"14":71,"15":75,"16":3,"17":80,"18":2,"19":28,"20":1,"21":5,"22":5,"23":2,"24":16,"25":1,"26":12,"27":77,"28":86,"29":5,"30":0,"31":4,"32":1,"33":1,"34":5,"35":1,"36":0,"37":85,"38":107,"39":2,"40":2,"41":0,"42":0},"b":{"0":[48],"1":[71,69]},"_coverageSchema":"43e27e138ebf9cfc5966b082cf9a028302ed4184","hash":"308b588e302bfe71990e6c2711f12a8b038579da","contentHash":"2ba227b0a07fa416d5d2bce9d8e5f65d9e2a16c5c447e9054962ccbf3d4f7878"},"/home/david/Escritorio/unq 2019 S2/GIT COSAS/UNQfy/src/entities-creation/all.js":{"path":"/home/david/Escritorio/unq 2019 S2/GIT COSAS/UNQfy/src/entities-creation/all.js","statementMap":{"0":{"start":{"line":1,"column":0},"end":{"line":6,"column":1}}},"fnMap":{},"branchMap":{},"s":{"0":1},"f":{},"b":{},"_coverageSchema":"43e27e138ebf9cfc5966b082cf9a028302ed4184","hash":"30e44a8a1ad982b9b7d0463364efbd28ccf4233b","contentHash":"4e5bd5561a7818120bc4b69f9ca45b691e5a0b702d9c472359d37b622c8dd5db"},"/home/david/Escritorio/unq 2019 S2/GIT COSAS/UNQfy/src/entities-creation/ArtistCreation.js":{"path":"/home/david/Escritorio/unq 2019 S2/GIT COSAS/UNQfy/src/entities-creation/ArtistCreation.js","statementMap":{"0":{"start":{"line":1,"column":23},"end":{"line":1,"column":50}},"1":{"start":{"line":2,"column":15},"end":{"line":2,"column":44}},"2":{"start":{"line":3,"column":40},"end":{"line":3,"column":96}},"3":{"start":{"line":5,"column":0},"end":{"line":22,"column":1}},"4":{"start":{"line":9,"column":4},"end":{"line":9,"column":17}},"5":{"start":{"line":13,"column":4},"end":{"line":15,"column":5}},"6":{"start":{"line":14,"column":6},"end":{"line":14,"column":70}},"7":{"start":{"line":19,"column":4},"end":{"line":19,"column":64}}},"fnMap":{"0":{"name":"(anonymous_0)","decl":{"start":{"line":8,"column":2},"end":{"line":8,"column":3}},"loc":{"start":{"line":8,"column":21},"end":{"line":10,"column":3}},"line":8},"1":{"name":"(anonymous_1)","decl":{"start":{"line":12,"column":2},"end":{"line":12,"column":3}},"loc":{"start":{"line":12,"column":24},"end":{"line":16,"column":3}},"line":12},"2":{"name":"(anonymous_2)","decl":{"start":{"line":18,"column":2},"end":{"line":18,"column":3}},"loc":{"start":{"line":18,"column":37},"end":{"line":20,"column":3}},"line":18}},"branchMap":{"0":{"loc":{"start":{"line":13,"column":4},"end":{"line":15,"column":5}},"type":"if","locations":[{"start":{"line":13,"column":4},"end":{"line":15,"column":5}},{"start":{"line":13,"column":4},"end":{"line":15,"column":5}}],"line":13}},"s":{"0":1,"1":1,"2":1,"3":1,"4":60,"5":61,"6":1,"7":61},"f":{"0":60,"1":61,"2":61},"b":{"0":[1,60]},"_coverageSchema":"43e27e138ebf9cfc5966b082cf9a028302ed4184","hash":"fd9d8455c678896ae7fdea6ce8e8a5ed6428d453","contentHash":"9dc79413064e6bbb2bee0d8c1ed6d2991af9e8a130ee334c8b738ccc53f70d72"},"/home/david/Escritorio/unq 2019 S2/GIT COSAS/UNQfy/src/entities-creation/EntityCreation.js":{"path":"/home/david/Escritorio/unq 2019 S2/GIT COSAS/UNQfy/src/entities-creation/EntityCreation.js","statementMap":{"0":{"start":{"line":1,"column":0},"end":{"line":24,"column":1}},"1":{"start":{"line":5,"column":4},"end":{"line":5,"column":30}},"2":{"start":{"line":6,"column":4},"end":{"line":6,"column":33}},"3":{"start":{"line":10,"column":4},"end":{"line":10,"column":30}},"4":{"start":{"line":11,"column":4},"end":{"line":11,"column":24}},"5":{"start":{"line":12,"column":4},"end":{"line":12,"column":26}},"6":{"start":{"line":15,"column":26},"end":{"line":15,"column":57}},"7":{"start":{"line":16,"column":26},"end":{"line":16,"column":57}},"8":{"start":{"line":19,"column":4},"end":{"line":19,"column":88}},"9":{"start":{"line":22,"column":20},"end":{"line":22,"column":58}}},"fnMap":{"0":{"name":"(anonymous_0)","decl":{"start":{"line":4,"column":2},"end":{"line":4,"column":3}},"loc":{"start":{"line":4,"column":35},"end":{"line":7,"column":3}},"line":4},"1":{"name":"(anonymous_1)","decl":{"start":{"line":9,"column":2},"end":{"line":9,"column":3}},"loc":{"start":{"line":9,"column":11},"end":{"line":13,"column":3}},"line":9},"2":{"name":"(anonymous_2)","decl":{"start":{"line":15,"column":2},"end":{"line":15,"column":3}},"loc":{"start":{"line":15,"column":24},"end":{"line":15,"column":59}},"line":15},"3":{"name":"(anonymous_3)","decl":{"start":{"line":16,"column":2},"end":{"line":16,"column":3}},"loc":{"start":{"line":16,"column":24},"end":{"line":16,"column":59}},"line":16},"4":{"name":"(anonymous_4)","decl":{"start":{"line":18,"column":2},"end":{"line":18,"column":3}},"loc":{"start":{"line":18,"column":18},"end":{"line":20,"column":3}},"line":18},"5":{"name":"(anonymous_5)","decl":{"start":{"line":22,"column":2},"end":{"line":22,"column":3}},"loc":{"start":{"line":22,"column":18},"end":{"line":22,"column":60}},"line":22}},"branchMap":{},"s":{"0":1,"1":224,"2":224,"3":224,"4":222,"5":222,"6":0,"7":0,"8":222,"9":222},"f":{"0":224,"1":224,"2":0,"3":0,"4":222,"5":222},"b":{},"_coverageSchema":"43e27e138ebf9cfc5966b082cf9a028302ed4184","hash":"321730b50b62a6e7649797da39f3bce27af2fb07","contentHash":"ac09fa1cc4849093df4f3f2a4e49029359a03badd8e00abe682911c32b35893f"},"/home/david/Escritorio/unq 2019 S2/GIT COSAS/UNQfy/src/entities-creation/AlbumCreation.js":{"path":"/home/david/Escritorio/unq 2019 S2/GIT COSAS/UNQfy/src/entities-creation/AlbumCreation.js","statementMap":{"0":{"start":{"line":1,"column":23},"end":{"line":1,"column":50}},"1":{"start":{"line":2,"column":23},"end":{"line":2,"column":51}},"2":{"start":{"line":3,"column":23},"end":{"line":3,"column":62}},"3":{"start":{"line":5,"column":0},"end":{"line":16,"column":1}},"4":{"start":{"line":9,"column":4},"end":{"line":9,"column":16}}},"fnMap":{"0":{"name":"(anonymous_0)","decl":{"start":{"line":8,"column":2},"end":{"line":8,"column":3}},"loc":{"start":{"line":8,"column":21},"end":{"line":10,"column":3}},"line":8},"1":{"name":"(anonymous_1)","decl":{"start":{"line":12,"column":2},"end":{"line":12,"column":3}},"loc":{"start":{"line":12,"column":24},"end":{"line":14,"column":3}},"line":12}},"branchMap":{},"s":{"0":1,"1":1,"2":1,"3":1,"4":75},"f":{"0":75,"1":75},"b":{},"_coverageSchema":"43e27e138ebf9cfc5966b082cf9a028302ed4184","hash":"6936bf041990d58580d3f382413591595673b2bc","contentHash":"cb96adc4d9bcd1a9d69f5bd2c617ddbee823034dc54615667cd5e3e267f470ae"},"/home/david/Escritorio/unq 2019 S2/GIT COSAS/UNQfy/src/exceptions/ArtistNotFound.js":{"path":"/home/david/Escritorio/unq 2019 S2/GIT COSAS/UNQfy/src/exceptions/ArtistNotFound.js","statementMap":{"0":{"start":{"line":1,"column":0},"end":{"line":8,"column":1}},"1":{"start":{"line":5,"column":8},"end":{"line":5,"column":63}}},"fnMap":{"0":{"name":"(anonymous_0)","decl":{"start":{"line":4,"column":4},"end":{"line":4,"column":5}},"loc":{"start":{"line":4,"column":26},"end":{"line":6,"column":5}},"line":4}},"branchMap":{},"s":{"0":1,"1":0},"f":{"0":0},"b":{},"_coverageSchema":"43e27e138ebf9cfc5966b082cf9a028302ed4184","hash":"45c6cdf8079df9e5e7c403db1d81608cf62c8f6a","contentHash":"9eece83a753a27dfd84de16f1f3c9a346e639b352081c2a5aa8e56092ecea2a7"},"/home/david/Escritorio/unq 2019 S2/GIT COSAS/UNQfy/src/entities-creation/TrackCreation.js":{"path":"/home/david/Escritorio/unq 2019 S2/GIT COSAS/UNQfy/src/entities-creation/TrackCreation.js","statementMap":{"0":{"start":{"line":1,"column":23},"end":{"line":1,"column":50}},"1":{"start":{"line":2,"column":14},"end":{"line":2,"column":42}},"2":{"start":{"line":4,"column":0},"end":{"line":16,"column":1}},"3":{"start":{"line":8,"column":4},"end":{"line":8,"column":16}}},"fnMap":{"0":{"name":"(anonymous_0)","decl":{"start":{"line":7,"column":2},"end":{"line":7,"column":3}},"loc":{"start":{"line":7,"column":21},"end":{"line":9,"column":3}},"line":7},"1":{"name":"(anonymous_1)","decl":{"start":{"line":11,"column":2},"end":{"line":11,"column":3}},"loc":{"start":{"line":11,"column":24},"end":{"line":13,"column":3}},"line":11}},"branchMap":{},"s":{"0":1,"1":1,"2":1,"3":80},"f":{"0":80,"1":80},"b":{},"_coverageSchema":"43e27e138ebf9cfc5966b082cf9a028302ed4184","hash":"cec22e8b2a046574730a824b75f74276222e1e8e","contentHash":"42142c99c928d31cd3cd629cb82e33a7bfce4fd70d1fc7a2243f69a22520820a"},"/home/david/Escritorio/unq 2019 S2/GIT COSAS/UNQfy/src/entities-creation/UserCreation.js":{"path":"/home/david/Escritorio/unq 2019 S2/GIT COSAS/UNQfy/src/entities-creation/UserCreation.js","statementMap":{"0":{"start":{"line":1,"column":23},"end":{"line":1,"column":50}},"1":{"start":{"line":2,"column":23},"end":{"line":2,"column":50}},"2":{"start":{"line":3,"column":40},"end":{"line":3,"column":96}},"3":{"start":{"line":5,"column":0},"end":{"line":22,"column":1}},"4":{"start":{"line":9,"column":4},"end":{"line":9,"column":15}},"5":{"start":{"line":13,"column":4},"end":{"line":15,"column":5}},"6":{"start":{"line":14,"column":6},"end":{"line":14,"column":70}},"7":{"start":{"line":19,"column":4},"end":{"line":19,"column":64}}},"fnMap":{"0":{"name":"(anonymous_0)","decl":{"start":{"line":8,"column":2},"end":{"line":8,"column":3}},"loc":{"start":{"line":8,"column":21},"end":{"line":10,"column":3}},"line":8},"1":{"name":"(anonymous_1)","decl":{"start":{"line":12,"column":1},"end":{"line":12,"column":2}},"loc":{"start":{"line":12,"column":23},"end":{"line":16,"column":3}},"line":12},"2":{"name":"(anonymous_2)","decl":{"start":{"line":18,"column":2},"end":{"line":18,"column":3}},"loc":{"start":{"line":18,"column":37},"end":{"line":20,"column":3}},"line":18}},"branchMap":{"0":{"loc":{"start":{"line":13,"column":4},"end":{"line":15,"column":5}},"type":"if","locations":[{"start":{"line":13,"column":4},"end":{"line":15,"column":5}},{"start":{"line":13,"column":4},"end":{"line":15,"column":5}}],"line":13}},"s":{"0":1,"1":1,"2":1,"3":1,"4":7,"5":8,"6":1,"7":8},"f":{"0":7,"1":8,"2":8},"b":{"0":[1,7]},"_coverageSchema":"43e27e138ebf9cfc5966b082cf9a028302ed4184","hash":"dee34e9d6feb7cf13b05693d6d9b6d46af0a03d3","contentHash":"81371fa4e029111eac4684a4248657cccf8a8c2e95c1b3ddc0816c9c4a00369b"},"/home/david/Escritorio/unq 2019 S2/GIT COSAS/UNQfy/src/entities-repositories/EntitiesRepository.js":{"path":"/home/david/Escritorio/unq 2019 S2/GIT COSAS/UNQfy/src/entities-repositories/EntitiesRepository.js","statementMap":{"0":{"start":{"line":1,"column":0},"end":{"line":1,"column":44}},"1":{"start":{"line":2,"column":23},"end":{"line":2,"column":62}},"2":{"start":{"line":4,"column":0},"end":{"line":81,"column":1}},"3":{"start":{"line":8,"column":4},"end":{"line":8,"column":29}},"4":{"start":{"line":9,"column":4},"end":{"line":9,"column":27}},"5":{"start":{"line":10,"column":4},"end":{"line":10,"column":31}},"6":{"start":{"line":13,"column":20},"end":{"line":13,"column":40}},"7":{"start":{"line":14,"column":20},"end":{"line":14,"column":72}},"8":{"start":{"line":14,"column":58},"end":{"line":14,"column":71}},"9":{"start":{"line":15,"column":20},"end":{"line":15,"column":75}},"10":{"start":{"line":15,"column":58},"end":{"line":15,"column":74}},"11":{"start":{"line":16,"column":20},"end":{"line":16,"column":38}},"12":{"start":{"line":17,"column":20},"end":{"line":17,"column":42}},"13":{"start":{"line":19,"column":26},"end":{"line":19,"column":55}},"14":{"start":{"line":22,"column":19},"end":{"line":22,"column":62}},"15":{"start":{"line":23,"column":4},"end":{"line":23,"column":67}},"16":{"start":{"line":23,"column":29},"end":{"line":23,"column":67}},"17":{"start":{"line":24,"column":4},"end":{"line":24,"column":17}},"18":{"start":{"line":28,"column":4},"end":{"line":28,"column":135}},"19":{"start":{"line":28,"column":43},"end":{"line":28,"column":65}},"20":{"start":{"line":32,"column":4},"end":{"line":32,"column":56}},"21":{"start":{"line":36,"column":4},"end":{"line":36,"column":76}},"22":{"start":{"line":36,"column":53},"end":{"line":36,"column":75}},"23":{"start":{"line":40,"column":4},"end":{"line":40,"column":49}},"24":{"start":{"line":44,"column":4},"end":{"line":49,"column":5}},"25":{"start":{"line":54,"column":4},"end":{"line":54,"column":27}},"26":{"start":{"line":59,"column":4},"end":{"line":59,"column":36}},"27":{"start":{"line":63,"column":4},"end":{"line":63,"column":83}},"28":{"start":{"line":67,"column":4},"end":{"line":67,"column":66}},"29":{"start":{"line":67,"column":39},"end":{"line":67,"column":65}},"30":{"start":{"line":72,"column":4},"end":{"line":72,"column":32}},"31":{"start":{"line":76,"column":19},"end":{"line":76,"column":71}},"32":{"start":{"line":77,"column":4},"end":{"line":77,"column":48}},"33":{"start":{"line":78,"column":4},"end":{"line":78,"column":31}}},"fnMap":{"0":{"name":"(anonymous_0)","decl":{"start":{"line":7,"column":2},"end":{"line":7,"column":3}},"loc":{"start":{"line":7,"column":50},"end":{"line":11,"column":3}},"line":7},"1":{"name":"(anonymous_1)","decl":{"start":{"line":13,"column":2},"end":{"line":13,"column":3}},"loc":{"start":{"line":13,"column":18},"end":{"line":13,"column":42}},"line":13},"2":{"name":"(anonymous_2)","decl":{"start":{"line":14,"column":2},"end":{"line":14,"column":3}},"loc":{"start":{"line":14,"column":18},"end":{"line":14,"column":74}},"line":14},"3":{"name":"(anonymous_3)","decl":{"start":{"line":14,"column":48},"end":{"line":14,"column":49}},"loc":{"start":{"line":14,"column":58},"end":{"line":14,"column":71}},"line":14},"4":{"name":"(anonymous_4)","decl":{"start":{"line":15,"column":2},"end":{"line":15,"column":3}},"loc":{"start":{"line":15,"column":18},"end":{"line":15,"column":77}},"line":15},"5":{"name":"(anonymous_5)","decl":{"start":{"line":15,"column":48},"end":{"line":15,"column":49}},"loc":{"start":{"line":15,"column":58},"end":{"line":15,"column":74}},"line":15},"6":{"name":"(anonymous_6)","decl":{"start":{"line":16,"column":2},"end":{"line":16,"column":3}},"loc":{"start":{"line":16,"column":18},"end":{"line":16,"column":40}},"line":16},"7":{"name":"(anonymous_7)","decl":{"start":{"line":17,"column":2},"end":{"line":17,"column":3}},"loc":{"start":{"line":17,"column":18},"end":{"line":17,"column":44}},"line":17},"8":{"name":"(anonymous_8)","decl":{"start":{"line":19,"column":2},"end":{"line":19,"column":3}},"loc":{"start":{"line":19,"column":24},"end":{"line":19,"column":57}},"line":19},"9":{"name":"(anonymous_9)","decl":{"start":{"line":21,"column":2},"end":{"line":21,"column":3}},"loc":{"start":{"line":21,"column":48},"end":{"line":25,"column":3}},"line":21},"10":{"name":"(anonymous_10)","decl":{"start":{"line":27,"column":2},"end":{"line":27,"column":3}},"loc":{"start":{"line":27,"column":36},"end":{"line":29,"column":3}},"line":27},"11":{"name":"(anonymous_11)","decl":{"start":{"line":28,"column":33},"end":{"line":28,"column":34}},"loc":{"start":{"line":28,"column":43},"end":{"line":28,"column":65}},"line":28},"12":{"name":"(anonymous_12)","decl":{"start":{"line":31,"column":2},"end":{"line":31,"column":3}},"loc":{"start":{"line":31,"column":33},"end":{"line":33,"column":3}},"line":31},"13":{"name":"(anonymous_13)","decl":{"start":{"line":35,"column":2},"end":{"line":35,"column":3}},"loc":{"start":{"line":35,"column":37},"end":{"line":37,"column":3}},"line":35},"14":{"name":"(anonymous_14)","decl":{"start":{"line":36,"column":43},"end":{"line":36,"column":44}},"loc":{"start":{"line":36,"column":53},"end":{"line":36,"column":75}},"line":36},"15":{"name":"(anonymous_15)","decl":{"start":{"line":39,"column":2},"end":{"line":39,"column":3}},"loc":{"start":{"line":39,"column":33},"end":{"line":41,"column":3}},"line":39},"16":{"name":"(anonymous_16)","decl":{"start":{"line":43,"column":2},"end":{"line":43,"column":3}},"loc":{"start":{"line":43,"column":24},"end":{"line":50,"column":3}},"line":43},"17":{"name":"(anonymous_17)","decl":{"start":{"line":53,"column":2},"end":{"line":53,"column":3}},"loc":{"start":{"line":53,"column":17},"end":{"line":55,"column":3}},"line":53},"18":{"name":"(anonymous_18)","decl":{"start":{"line":58,"column":2},"end":{"line":58,"column":3}},"loc":{"start":{"line":58,"column":27},"end":{"line":60,"column":3}},"line":58},"19":{"name":"(anonymous_19)","decl":{"start":{"line":62,"column":2},"end":{"line":62,"column":3}},"loc":{"start":{"line":62,"column":28},"end":{"line":64,"column":3}},"line":62},"20":{"name":"(anonymous_20)","decl":{"start":{"line":66,"column":2},"end":{"line":66,"column":3}},"loc":{"start":{"line":66,"column":31},"end":{"line":68,"column":3}},"line":66},"21":{"name":"(anonymous_21)","decl":{"start":{"line":67,"column":27},"end":{"line":67,"column":28}},"loc":{"start":{"line":67,"column":39},"end":{"line":67,"column":65}},"line":67},"22":{"name":"(anonymous_22)","decl":{"start":{"line":71,"column":2},"end":{"line":71,"column":3}},"loc":{"start":{"line":71,"column":23},"end":{"line":73,"column":3}},"line":71},"23":{"name":"(anonymous_23)","decl":{"start":{"line":75,"column":2},"end":{"line":75,"column":3}},"loc":{"start":{"line":75,"column":25},"end":{"line":79,"column":3}},"line":75}},"branchMap":{"0":{"loc":{"start":{"line":7,"column":14},"end":{"line":7,"column":24}},"type":"default-arg","locations":[{"start":{"line":7,"column":22},"end":{"line":7,"column":24}}],"line":7},"1":{"loc":{"start":{"line":7,"column":26},"end":{"line":7,"column":34}},"type":"default-arg","locations":[{"start":{"line":7,"column":32},"end":{"line":7,"column":34}}],"line":7},"2":{"loc":{"start":{"line":7,"column":36},"end":{"line":7,"column":48}},"type":"default-arg","locations":[{"start":{"line":7,"column":46},"end":{"line":7,"column":48}}],"line":7},"3":{"loc":{"start":{"line":21,"column":31},"end":{"line":21,"column":46}},"type":"default-arg","locations":[{"start":{"line":
[...]
2caa185ec66c6b9f0"},"/home/david/Escritorio/unq 2019 S2/GIT COSAS/UNQfy/src/terminal/command/arg_parser/InvalidArgument.js":{"path":"/home/david/Escritorio/unq 2019 S2/GIT COSAS/UNQfy/src/terminal/command/arg_parser/InvalidArgument.js","statementMap":{"0":{"start":{"line":1,"column":0},"end":{"line":8,"column":1}},"1":{"start":{"line":5,"column":2},"end":{"line":5,"column":115}}},"fnMap":{"0":{"name":"(anonymous_0)","decl":{"start":{"line":4,"column":1},"end":{"line":4,"column":2}},"loc":{"start":{"line":4,"column":54},"end":{"line":6,"column":2}},"line":4}},"branchMap":{},"s":{"0":1,"1":3},"f":{"0":3},"b":{},"_coverageSchema":"43e27e138ebf9cfc5966b082cf9a028302ed4184","hash":"ef7c9c9f40ed0b3b40e063a2594abcc9d6beb1d9","contentHash":"d5984166e8e29cb444b7f5d27dad14f66a9958dd31b62720e7d8d6a0a6258d5b"},"/home/david/Escritorio/unq 2019 S2/GIT COSAS/UNQfy/src/terminal/command/AddTrackCommand.js":{"path":"/home/david/Escritorio/unq 2019 S2/GIT COSAS/UNQfy/src/terminal/command/AddTrackCommand.js","statementMap":{"0":{"start":{"line":1,"column":16},"end":{"line":1,"column":36}},"1":{"start":{"line":6,"column":4},"end":{"line":6,"column":55}},"2":{"start":{"line":9,"column":0},"end":{"line":29,"column":1}},"3":{"start":{"line":13,"column":4},"end":{"line":13,"column":21}},"4":{"start":{"line":17,"column":4},"end":{"line":22,"column":5}},"5":{"start":{"line":26,"column":4},"end":{"line":26,"column":57}}},"fnMap":{"0":{"name":"(anonymous_0)","decl":{"start":{"line":12,"column":2},"end":{"line":12,"column":3}},"loc":{"start":{"line":12,"column":13},"end":{"line":14,"column":3}},"line":12},"1":{"name":"(anonymous_1)","decl":{"start":{"line":16,"column":2},"end":{"line":16,"column":3}},"loc":{"start":{"line":16,"column":25},"end":{"line":23,"column":3}},"line":16},"2":{"name":"(anonymous_2)","decl":{"start":{"line":25,"column":2},"end":{"line":25,"column":3}},"loc":{"start":{"line":25,"column":51},"end":{"line":27,"column":3}},"line":25}},"branchMap":{},"s":{"0":1,"1":1,"2":1,"3":2,"4":10,"5":2},"f":{"0":2,"1":10,"2":2},"b":{},"_coverageSchema":"43e27e138ebf9cfc5966b082cf9a028302ed4184","hash":"8da80a941b2a4be87b98d81b07ead54fc81afe0d","contentHash":"418aeb738c1391927d6d8e305b21537097b9397f208139bb9cd9423fc60403d1"},"/home/david/Escritorio/unq 2019 S2/GIT COSAS/UNQfy/src/terminal/command/AddAlbumCommand.js":{"path":"/home/david/Escritorio/unq 2019 S2/GIT COSAS/UNQfy/src/terminal/command/AddAlbumCommand.js","statementMap":{"0":{"start":{"line":1,"column":16},"end":{"line":1,"column":36}},"1":{"start":{"line":5,"column":4},"end":{"line":5,"column":55}},"2":{"start":{"line":7,"column":0},"end":{"line":26,"column":1}},"3":{"start":{"line":11,"column":8},"end":{"line":11,"column":25}},"4":{"start":{"line":15,"column":8},"end":{"line":19,"column":9}},"5":{"start":{"line":23,"column":8},"end":{"line":23,"column":52}}},"fnMap":{"0":{"name":"(anonymous_0)","decl":{"start":{"line":10,"column":4},"end":{"line":10,"column":5}},"loc":{"start":{"line":10,"column":15},"end":{"line":12,"column":5}},"line":10},"1":{"name":"(anonymous_1)","decl":{"start":{"line":14,"column":4},"end":{"line":14,"column":5}},"loc":{"start":{"line":14,"column":27},"end":{"line":20,"column":5}},"line":14},"2":{"name":"(anonymous_2)","decl":{"start":{"line":22,"column":4},"end":{"line":22,"column":5}},"loc":{"start":{"line":22,"column":42},"end":{"line":24,"column":5}},"line":22}},"branchMap":{},"s":{"0":1,"1":1,"2":1,"3":1,"4":2,"5":1},"f":{"0":1,"1":2,"2":1},"b":{},"_coverageSchema":"43e27e138ebf9cfc5966b082cf9a028302ed4184","hash":"e6b2a3fa66180d0d19d5cc27f59ac4f17d70e2ea","contentHash":"15d1baf6f156b8361d88e1490bcb6bae75e1d0e7d62783058e1892ffaa496d91"},"/home/david/Escritorio/unq 2019 S2/GIT COSAS/UNQfy/src/terminal/command/GetArtistByIdCommand.js":{"path":"/home/david/Escritorio/unq 2019 S2/GIT COSAS/UNQfy/src/terminal/command/GetArtistByIdCommand.js","statementMap":{"0":{"start":{"line":1,"column":16},"end":{"line":1,"column":36}},"1":{"start":{"line":2,"column":45},"end":{"line":2,"column":96}},"2":{"start":{"line":5,"column":0},"end":{"line":16,"column":1}},"3":{"start":{"line":9,"column":8},"end":{"line":9,"column":30}},"4":{"start":{"line":13,"column":8},"end":{"line":13,"column":55}}},"fnMap":{"0":{"name":"(anonymous_0)","decl":{"start":{"line":8,"column":4},"end":{"line":8,"column":5}},"loc":{"start":{"line":8,"column":15},"end":{"line":10,"column":5}},"line":8},"1":{"name":"(anonymous_1)","decl":{"start":{"line":12,"column":4},"end":{"line":12,"column":5}},"loc":{"start":{"line":12,"column":27},"end":{"line":14,"column":5}},"line":12}},"branchMap":{},"s":{"0":1,"1":1,"2":1,"3":1,"4":8},"f":{"0":1,"1":8},"b":{},"_coverageSchema":"43e27e138ebf9cfc5966b082cf9a028302ed4184","hash":"0855aee5bd5029963c0643b1b5099b68e70a62b5","contentHash":"c855e00e7819a71ee3bf242374822e9e1ae44f46aa1c11638568d6a20177e3b1"},"/home/david/Escritorio/unq 2019 S2/GIT COSAS/UNQfy/src/terminal/command/RemoveArtistCommand.js":{"path":"/home/david/Escritorio/unq 2019 S2/GIT COSAS/UNQfy/src/terminal/command/RemoveArtistCommand.js","statementMap":{"0":{"start":{"line":1,"column":16},"end":{"line":1,"column":36}},"1":{"start":{"line":2,"column":45},"end":{"line":2,"column":96}},"2":{"start":{"line":4,"column":0},"end":{"line":15,"column":1}},"3":{"start":{"line":8,"column":8},"end":{"line":8,"column":29}},"4":{"start":{"line":12,"column":8},"end":{"line":12,"column":63}}},"fnMap":{"0":{"name":"(anonymous_0)","decl":{"start":{"line":7,"column":4},"end":{"line":7,"column":5}},"loc":{"start":{"line":7,"column":15},"end":{"line":9,"column":5}},"line":7},"1":{"name":"(anonymous_1)","decl":{"start":{"line":11,"column":4},"end":{"line":11,"column":5}},"loc":{"start":{"line":11,"column":27},"end":{"line":13,"column":5}},"line":11}},"branchMap":{},"s":{"0":1,"1":1,"2":1,"3":0,"4":0},"f":{"0":0,"1":0},"b":{},"_coverageSchema":"43e27e138ebf9cfc5966b082cf9a028302ed4184","hash":"4cb159f07c29ffe31260ae12257584774c84611c","contentHash":"0696b85240a7e97742569a6825a9fafc7450484a28a27e3e25085fc40753ef42"},"/home/david/Escritorio/unq 2019 S2/GIT COSAS/UNQfy/src/terminal/command/RemoveAlbumCommand.js":{"path":"/home/david/Escritorio/unq 2019 S2/GIT COSAS/UNQfy/src/terminal/command/RemoveAlbumCommand.js","statementMap":{"0":{"start":{"line":1,"column":16},"end":{"line":1,"column":36}},"1":{"start":{"line":2,"column":45},"end":{"line":2,"column":96}},"2":{"start":{"line":4,"column":0},"end":{"line":15,"column":1}},"3":{"start":{"line":8,"column":8},"end":{"line":8,"column":28}},"4":{"start":{"line":12,"column":8},"end":{"line":12,"column":61}}},"fnMap":{"0":{"name":"(anonymous_0)","decl":{"start":{"line":7,"column":4},"end":{"line":7,"column":5}},"loc":{"start":{"line":7,"column":15},"end":{"line":9,"column":5}},"line":7},"1":{"name":"(anonymous_1)","decl":{"start":{"line":11,"column":4},"end":{"line":11,"column":5}},"loc":{"start":{"line":11,"column":27},"end":{"line":13,"column":5}},"line":11}},"branchMap":{},"s":{"0":1,"1":1,"2":1,"3":0,"4":0},"f":{"0":0,"1":0},"b":{},"_coverageSchema":"43e27e138ebf9cfc5966b082cf9a028302ed4184","hash":"a4d734f7ff1849c6d97bebccf3a5dc85c0afbbb7","contentHash":"b750915ad1f12e39e6468c2d041f0f8ce1f7e5f5408d59c659738ae3b9388bb4"},"/home/david/Escritorio/unq 2019 S2/GIT COSAS/UNQfy/src/terminal/command/GetAlbumByIdCommand.js":{"path":"/home/david/Escritorio/unq 2019 S2/GIT COSAS/UNQfy/src/terminal/command/GetAlbumByIdCommand.js","statementMap":{"0":{"start":{"line":1,"column":16},"end":{"line":1,"column":36}},"1":{"start":{"line":2,"column":45},"end":{"line":2,"column":96}},"2":{"start":{"line":4,"column":0},"end":{"line":15,"column":1}},"3":{"start":{"line":8,"column":8},"end":{"line":8,"column":29}},"4":{"start":{"line":12,"column":8},"end":{"line":12,"column":55}}},"fnMap":{"0":{"name":"(anonymous_0)","decl":{"start":{"line":7,"column":4},"end":{"line":7,"column":5}},"loc":{"start":{"line":7,"column":15},"end":{"line":9,"column":5}},"line":7},"1":{"name":"(anonymous_1)","decl":{"start":{"line":11,"column":4},"end":{"line":11,"column":5}},"loc":{"start":{"line":11,"column":27},"end":{"line":13,"column":5}},"line":11}},"branchMap":{},"s":{"0":1,"1":1,"2":1,"3":1,"4":8},"f":{"0":1,"1":8},"b":{},"_coverageSchema":"43e27e138ebf9cfc5966b082cf9a028302ed4184","hash":"eaa701379797615aefe6356b22003333c4e235e5","contentHash":"ceed9c960d686f930906f4c8abf31f8b260e6e8ee107d74c36d307e08b7caa7f"},"/home/david/Escritorio/unq 2019 S2/GIT COSAS/UNQfy/src/terminal/command/GetTrackByIdCommand.js":{"path":"/home/david/Escritorio/unq 2019 S2/GIT COSAS/UNQfy/src/terminal/command/GetTrackByIdCommand.js","statementMap":{"0":{"start":{"line":1,"column":16},"end":{"line":1,"column":36}},"1":{"start":{"line":2,"column":45},"end":{"line":2,"column":96}},"2":{"start":{"line":4,"column":0},"end":{"line":15,"column":1}},"3":{"start":{"line":8,"column":8},"end":{"line":8,"column":29}},"4":{"start":{"line":12,"column":8},"end":{"line":12,"column":55}}},"fnMap":{"0":{"name":"(anonymous_0)","decl":{"start":{"line":7,"column":4},"end":{"line":7,"column":5}},"loc":{"start":{"line":7,"column":15},"end":{"line":9,"column":5}},"line":7},"1":{"name":"(anonymous_1)","decl":{"start":{"line":11,"column":4},"end":{"line":11,"column":5}},"loc":{"start":{"line":11,"column":27},"end":{"line":13,"column":5}},"line":11}},"branchMap":{},"s":{"0":1,"1":1,"2":1,"3":1,"4":8},"f":{"0":1,"1":8},"b":{},"_coverageSchema":"43e27e138ebf9cfc5966b082cf9a028302ed4184","hash":"5de5f611f2e6859a918b787c36d9490c39ab375b","contentHash":"0e70ce2cb7ecf063ca18655e760d1b729b77cec920601ba171faa98995f42a92"},"/home/david/Escritorio/unq 2019 S2/GIT COSAS/UNQfy/src/terminal/command/ArtistsCommand.js":{"path":"/home/david/Escritorio/unq 2019 S2/GIT COSAS/UNQfy/src/terminal/command/ArtistsCommand.js","statementMap":{"0":{"start":{"line":1,"column":16},"end":{"line":1,"column":36}},"1":{"start":{"line":3,"column":0},"end":{"line":10,"column":1}},"2":{"start":{"line":7,"column":8},"end":{"line":7,"column":24}}},"fnMap":{"0":{"name":"(anonymous_0)","decl":{"start":{"line":6,"column":4},"end":{"line":6,"column":5}},"loc":{"start":{"line":6,"column":15},"end":{"line":8,"column":5}},"line":6}},"branchMap":{},"s":{"0":1,"1":1,"2":0},"f":{"0":0},"b":{},"_coverageSchema":"43e27e138ebf9cfc5966b082cf9a028302ed4184","hash":"e6ec8eb9d14ed5d9965dfc48363791b8ab1185d5","contentHash":"d7117defa8130f4d9984dd0c3af01be0369f2c03be0ea5619525ca20ee489d3c"},"/home/david/Escritorio/unq 2019 S2/GIT COSAS/UNQfy/src/terminal/command/AlbumsCommand.js":{"path":"/home/david/Escritorio/unq 2019 S2/GIT COSAS/UNQfy/src/terminal/command/AlbumsCommand.js","statementMap":{"0":{"start":{"line":1,"column":16},"end":{"line":1,"column":36}},"1":{"start":{"line":3,"column":0},"end":{"line":10,"column":1}},"2":{"start":{"line":7,"column":8},"end":{"line":7,"column":23}}},"fnMap":{"0":{"name":"(anonymous_0)","decl":{"start":{"line":6,"column":4},"end":{"line":6,"column":5}},"loc":{"start":{"line":6,"column":15},"end":{"line":8,"column":5}},"line":6}},"branchMap":{},"s":{"0":1,"1":1,"2":0},"f":{"0":0},"b":{},"_coverageSchema":"43e27e138ebf9cfc5966b082cf9a028302ed4184","hash":"b4630ef6744af3b22fa290a8d91bc7c7d6cdd0e4","contentHash":"47cd5757ca79bc86e6fa977d60078580f4ea7f64fc76074763711093f8eb8e9d"},"/home/david/Escritorio/unq 2019 S2/GIT COSAS/UNQfy/src/terminal/command/TracksCommand.js":{"path":"/home/david/Escritorio/unq 2019 S2/GIT COSAS/UNQfy/src/terminal/command/TracksCommand.js","statementMap":{"0":{"start":{"line":1,"column":16},"end":{"line":1,"column":36}},"1":{"start":{"line":3,"column":0},"end":{"line":10,"column":1}},"2":{"start":{"line":7,"column":8},"end":{"line":7,"column":23}}},"fnMap":{"0":{"name":"(anonymous_0)","decl":{"start":{"line":6,"column":4},"end":{"line":6,"column":5}},"loc":{"start":{"line":6,"column":15},"end":{"line":8,"column":5}},"line":6}},"branchMap":{},"s":{"0":1,"1":1,"2":0},"f":{"0":0},"b":{},"_coverageSchema":"43e27e138ebf9cfc5966b082cf9a028302ed4184","hash":"61062518a1674b10124ad1bb9972e0e50835a16b","contentHash":"cb756074235883451681e74c8ab30a04408146ae8428fceaf0f3ec2f021abc6d"},"/home/david/Escritorio/unq 2019 S2/GIT COSAS/UNQfy/src/terminal/command/PlaylistsCommand.js":{"path":"/home/david/Escritorio/unq 2019 S2/GIT COSAS/UNQfy/src/terminal/command/PlaylistsCommand.js","statementMap":{"0":{"start":{"line":1,"column":16},"end":{"line":1,"column":36}},"1":{"start":{"line":3,"column":0},"end":{"line":10,"column":1}},"2":{"start":{"line":7,"column":8},"end":{"line":7,"column":26}}},"fnMap":{"0":{"name":"(anonymous_0)","decl":{"start":{"line":6,"column":4},"end":{"line":6,"column":5}},"loc":{"start":{"line":6,"column":15},"end":{"line":8,"column":5}},"line":6}},"branchMap":{},"s":{"0":1,"1":1,"2":0},"f":{"0":0},"b":{},"_coverageSchema":"43e27e138ebf9cfc5966b082cf9a028302ed4184","hash":"a2582f97c3e9f263f50745ddd107cd91b630d7ee","contentHash":"8170fd62a5749094551f764b1097b7eb8caa1308ac7e880f4d48416f5ac4efb4"},"/home/david/Escritorio/unq 2019 S2/GIT COSAS/UNQfy/src/terminal/command/RemoveTrackCommand.js":{"path":"/home/david/Escritorio/unq 2019 S2/GIT COSAS/UNQfy/src/terminal/command/RemoveTrackCommand.js","statementMap":{"0":{"start":{"line":1,"column":16},"end":{"line":1,"column":36}},"1":{"start":{"line":4,"column":4},"end":{"line":4,"column":55}},"2":{"start":{"line":7,"column":0},"end":{"line":20,"column":1}},"3":{"start":{"line":11,"column":6},"end":{"line":11,"column":26}},"4":{"start":{"line":15,"column":6},"end":{"line":17,"column":7}}},"fnMap":{"0":{"name":"(anonymous_0)","decl":{"start":{"line":10,"column":4},"end":{"line":10,"column":5}},"loc":{"start":{"line":10,"column":15},"end":{"line":12,"column":5}},"line":10},"1":{"name":"(anonymous_1)","decl":{"start":{"line":14,"column":4},"end":{"line":14,"column":5}},"loc":{"start":{"line":14,"column":27},"end":{"line":18,"column":5}},"line":14}},"branchMap":{},"s":{"0":1,"1":1,"2":1,"3":0,"4":0},"f":{"0":0,"1":0},"b":{},"_coverageSchema":"43e27e138ebf9cfc5966b082cf9a028302ed4184","hash":"d2d347490cc2c695b0d667b12677f69e4a254723","contentHash":"1d1aa17934f23db32ff9e2beb20c5bb6089b8d3e7ad70d37302b34dd25ea08ef"},"/home/david/Escritorio/unq 2019 S2/GIT COSAS/UNQfy/src/terminal/command/CreatePlaylistCommand.js":{"path":"/home/david/Escritorio/unq 2019 S2/GIT COSAS/UNQfy/src/terminal/command/CreatePlaylistCommand.js","statementMap":{"0":{"start":{"line":1,"column":16},"end":{"line":1,"column":36}},"1":{"start":{"line":6,"column":4},"end":{"line":6,"column":55}},"2":{"start":{"line":9,"column":0},"end":{"line":24,"column":1}},"3":{"start":{"line":13,"column":4},"end":{"line":13,"column":27}},"4":{"start":{"line":17,"column":4},"end":{"line":21,"column":5}}},"fnMap":{"0":{"name":"(anonymous_0)","decl":{"start":{"line":12,"column":2},"end":{"line":12,"column":3}},"loc":{"start":{"line":12,"column":13},"end":{"line":14,"column":3}},"line":12},"1":{"name":"(anonymous_1)","decl":{"start":{"line":16,"column":2},"end":{"line":16,"column":3}},"loc":{"start":{"line":16,"column":25},"end":{"line":22,"column":3}},"line":16}},"branchMap":{},"s":{"0":1,"1":1,"2":1,"3":0,"4":0},"f":{"0":0,"1":0},"b":{},"_coverageSchema":"43e27e138ebf9cfc5966b082cf9a028302ed4184","hash":"97c4abf7484c609278429c0bc95d2e7299305362","contentHash":"c4e002fe4cb01d56ef178cc3531b82c66cb20ab1f7c3f91d0cb5022995985ae2"},"/home/david/Escritorio/unq 2019 S2/GIT COSAS/UNQfy/src/terminal/command/SearchByNamePartial.js":{"path":"/home/david/Escritorio/unq 2019 S2/GIT COSAS/UNQfy/src/terminal/command/SearchByNamePartial.js","statementMap":{"0":{"start":{"line":1,"column":16},"end":{"line":1,"column":36}},"1":{"start":{"line":2,"column":44},"end":{"line":2,"column":95}},"2":{"start":{"line":4,"column":0},"end":{"line":15,"column":1}},"3":{"start":{"line":8,"column":8},"end":{"line":8,"column":36}},"4":{"start":{"line":12,"column":8},"end":{"line":12,"column":56}}},"fnMap":{"0":{"name":"(anonymous_0)","decl":{"start":{"line":7,"column":4},"end":{"line":7,"column":5}},"loc":{"start":{"line":7,"column":15},"end":{"line":9,"column":5}},"line":7},"1":{"name":"(anonymous_1)","decl":{"start":{"line":11,"column":4},"end":{"line":11,"column":5}},"loc":{"start":{"line":11,"column":27},"end":{"line":13,"column":5}},"line":11}},"branchMap":{},"s":{"0":1,"1":1,"2":1,"3":0,"4":0},"f":{"0":0,"1":0},"b":{},"_coverageSchema":"43e27e138ebf9cfc5966b082cf9a028302ed4184","hash":"65b875dd37d6ff2e9be7c7e0fc99dfe9edcf50a8","contentHash":"15578dc74541e34c88a31b0fa20354143dd0cfabbe4f81aa2f1283825da49b49"},"/home/david/Escritorio/unq 2019 S2/GIT COSAS/UNQfy/src/terminal/command/GetTracksMatchingArtistName.js":{"path":"/home/david/Escritorio/unq 2019 S2/GIT COSAS/UNQfy/src/terminal/command/GetTracksMatchingArtistName.js","statementMap":{"0":{"start":{"line":1,"column":16},"end":{"line":1,"column":36}},"1":{"start":{"line":2,"column":36},"end":{"line":2,"column":87}},"2":{"start":{"line":5,"column":0},"end":{"line":16,"column":1}},"3":{"start":{"line":9,"column":8},"end":{"line":9,"column":44}},"4":{"start":{"line":13,"column":8},"end":{"line":13,"column":55}}},"fnMap":{"0":{"name":"(anonymous_0)","decl":{"start":{"line":8,"column":4},"end":{"line":8,"column":5}},"loc":{"start":{"line":8,"column":15},"end":{"line":10,"column":5}},"line":8},"1":{"name":"(anonymous_1)","decl":{"start":{"line":12,"column":4},"end":{"line":12,"column":5}},"loc":{"start":{"line":12,"column":27},"end":{"line":14,"column":5}},"line":12}},"branchMap":{},"s":{"0":1,"1":1,"2":1,"3":0,"4":0},"f":{"0":0,"1":0},"b":{},"_coverageSchema":"43e27e138ebf9cfc5966b082cf9a028302ed4184","hash":"3c74de0a8d439c21e0c7cb0b59973f362160eeb8","contentHash":"c78a865b9c394d5d981ffbecf515fc124807c66edec2023105683fc8b7f8cd61"},"/home/david/Escritorio/unq 2019 S2/GIT COSAS/UNQfy/src/terminal/command/GetTracksMatchingGenres.js":{"path":"/home/david/Escritorio/unq 2019 S2/GIT COSAS/UNQfy/src/terminal/command/GetTracksMatchingGenres.js","statementMap":{"0":{"start":{"line":1,"column":16},"end":{"line":1,"column":36}},"1":{"start":{"line":2,"column":37},"end":{"line":2,"column":88}},"2":{"start":{"line":4,"column":0},"end":{"line":15,"column":1}},"3":{"start":{"line":8,"column":8},"end":{"line":8,"column":40}},"4":{"start":{"line":12,"column":8},"end":{"line":12,"column":57}}},"fnMap":{"0":{"name":"(anonymous_0)","decl":{"start":{"line":7,"column":4},"end":{"line":7,"column":5}},"loc":{"start":{"line":7,"column":15},"end":{"line":9,"column":5}},"line":7},"1":{"name":"(anonymous_1)","decl":{"start":{"line":11,"column":4},"end":{"line":11,"column":5}},"loc":{"start":{"line":11,"column":27},"end":{"line":13,"column":5}},"line":11}},"branchMap":{},"s":{"0":1,"1":1,"2":1,"3":0,"4":0},"f":{"0":0,"1":0},"b":{},"_coverageSchema":"43e27e138ebf9cfc5966b082cf9a028302ed4184","hash":"152d48b031774ded8f8ff98601a9ab3fded99313","contentHash":"188a4ed5043bc6e7405b05c97c3dafd1b055a3484b45d6ede75bf1b33e56468b"},"/home/david/Escritorio/unq 2019 S2/GIT COSAS/UNQfy/src/terminal/command/RemovePlaylistCommand.js":{"path":"/home/david/Escritorio/unq 2019 S2/GIT COSAS/UNQfy/src/terminal/command/RemovePlaylistCommand.js","statementMap":{"0":{"start":{"line":1,"column":16},"end":{"line":1,"column":36}},"1":{"start":{"line":2,"column":45},"end":{"line":2,"column":96}},"2":{"start":{"line":4,"column":0},"end":{"line":15,"column":1}},"3":{"start":{"line":8,"column":8},"end":{"line":8,"column":31}},"4":{"start":{"line":12,"column":8},"end":{"line":12,"column":66}}},"fnMap":{"0":{"name":"(anonymous_0)","decl":{"start":{"line":7,"column":4},"end":{"line":7,"column":5}},"loc":{"start":{"line":7,"column":15},"end":{"line":9,"column":5}},"line":7},"1":{"name":"(anonymous_1)","decl":{"start":{"line":11,"column":4},"end":{"line":11,"column":5}},"loc":{"start":{"line":11,"column":27},"end":{"line":13,"column":5}},"line":11}},"branchMap":{},"s":{"0":1,"1":1,"2":1,"3":0,"4":0},"f":{"0":0,"1":0},"b":{},"_coverageSchema":"43e27e138ebf9cfc5966b082cf9a028302ed4184","hash":"431e17c23d4f5b62413053749656b225e617dbb4","contentHash":"f72a9b1ebf6fa5e34c094e7a979607806aa163f55211c3c38e5d56bad08b6c91"}}